<?xml version="1.0" encoding="UTF-8"?>
<testsuite xmlns:xsi="http://www.w3.org/2001/XMLSchema-instance" xsi:noNamespaceSchemaLocation="https://maven.apache.org/surefire/maven-surefire-plugin/xsd/surefire-test-report.xsd" name="com.example.studileih.StudileihApplicationTests" time="15.68" tests="19" errors="15" skipped="0" failures="0">
  <properties>
    <property name="sun.desktop" value="windows"/>
    <property name="awt.toolkit" value="sun.awt.windows.WToolkit"/>
    <property name="java.specification.version" value="11"/>
    <property name="sun.cpu.isalist" value="amd64"/>
    <property name="sun.jnu.encoding" value="Cp1252"/>
    <property name="java.class.path" value="C:\Users\Boommeister69\workspace\StudileihGergelyUsh\studileih-backend-latest\studileih-SpringBoot\target\test-classes;C:\Users\Boommeister69\workspace\StudileihGergelyUsh\studileih-backend-latest\studileih-SpringBoot\target\classes;C:\Users\Boommeister69\.m2\repository\org\springframework\boot\spring-boot-starter-data-jpa\2.2.7.RELEASE\spring-boot-starter-data-jpa-2.2.7.RELEASE.jar;C:\Users\Boommeister69\.m2\repository\org\springframework\boot\spring-boot-starter-aop\2.2.7.RELEASE\spring-boot-starter-aop-2.2.7.RELEASE.jar;C:\Users\Boommeister69\.m2\repository\org\aspectj\aspectjweaver\1.9.5\aspectjweaver-1.9.5.jar;C:\Users\Boommeister69\.m2\repository\org\springframework\boot\spring-boot-starter-jdbc\2.2.7.RELEASE\spring-boot-starter-jdbc-2.2.7.RELEASE.jar;C:\Users\Boommeister69\.m2\repository\org\springframework\spring-jdbc\5.2.6.RELEASE\spring-jdbc-5.2.6.RELEASE.jar;C:\Users\Boommeister69\.m2\repository\jakarta\persistence\jakarta.persistence-api\2.2.3\jakarta.persistence-api-2.2.3.jar;C:\Users\Boommeister69\.m2\repository\jakarta\transaction\jakarta.transaction-api\1.3.3\jakarta.transaction-api-1.3.3.jar;C:\Users\Boommeister69\.m2\repository\org\hibernate\hibernate-core\5.4.15.Final\hibernate-core-5.4.15.Final.jar;C:\Users\Boommeister69\.m2\repository\org\jboss\logging\jboss-logging\3.4.1.Final\jboss-logging-3.4.1.Final.jar;C:\Users\Boommeister69\.m2\repository\org\javassist\javassist\3.24.0-GA\javassist-3.24.0-GA.jar;C:\Users\Boommeister69\.m2\repository\net\bytebuddy\byte-buddy\1.10.10\byte-buddy-1.10.10.jar;C:\Users\Boommeister69\.m2\repository\antlr\antlr\2.7.7\antlr-2.7.7.jar;C:\Users\Boommeister69\.m2\repository\org\jboss\jandex\2.1.3.Final\jandex-2.1.3.Final.jar;C:\Users\Boommeister69\.m2\repository\org\dom4j\dom4j\2.1.3\dom4j-2.1.3.jar;C:\Users\Boommeister69\.m2\repository\org\hibernate\common\hibernate-commons-annotations\5.1.0.Final\hibernate-commons-annotations-5.1.0.Final.jar;C:\Users\Boommeister69\.m2\repository\org\glassfish\jaxb\jaxb-runtime\2.3.3\jaxb-runtime-2.3.3.jar;C:\Users\Boommeister69\.m2\repository\org\glassfish\jaxb\txw2\2.3.3\txw2-2.3.3.jar;C:\Users\Boommeister69\.m2\repository\com\sun\istack\istack-commons-runtime\3.0.11\istack-commons-runtime-3.0.11.jar;C:\Users\Boommeister69\.m2\repository\org\springframework\data\spring-data-jpa\2.2.7.RELEASE\spring-data-jpa-2.2.7.RELEASE.jar;C:\Users\Boommeister69\.m2\repository\org\springframework\data\spring-data-commons\2.2.7.RELEASE\spring-data-commons-2.2.7.RELEASE.jar;C:\Users\Boommeister69\.m2\repository\org\springframework\spring-orm\5.2.6.RELEASE\spring-orm-5.2.6.RELEASE.jar;C:\Users\Boommeister69\.m2\repository\org\springframework\spring-context\5.2.6.RELEASE\spring-context-5.2.6.RELEASE.jar;C:\Users\Boommeister69\.m2\repository\org\springframework\spring-tx\5.2.6.RELEASE\spring-tx-5.2.6.RELEASE.jar;C:\Users\Boommeister69\.m2\repository\org\springframework\spring-beans\5.2.6.RELEASE\spring-beans-5.2.6.RELEASE.jar;C:\Users\Boommeister69\.m2\repository\org\springframework\spring-aspects\5.2.6.RELEASE\spring-aspects-5.2.6.RELEASE.jar;C:\Users\Boommeister69\.m2\repository\com\amazonaws\aws-java-sdk\1.11.379\aws-java-sdk-1.11.379.jar;C:\Users\Boommeister69\.m2\repository\com\amazonaws\aws-java-sdk-dlm\1.11.379\aws-java-sdk-dlm-1.11.379.jar;C:\Users\Boommeister69\.m2\repository\com\amazonaws\jmespath-java\1.11.379\jmespath-java-1.11.379.jar;C:\Users\Boommeister69\.m2\repository\com\amazonaws\aws-java-sdk-macie\1.11.379\aws-java-sdk-macie-1.11.379.jar;C:\Users\Boommeister69\.m2\repository\com\amazonaws\aws-java-sdk-eks\1.11.379\aws-java-sdk-eks-1.11.379.jar;C:\Users\Boommeister69\.m2\repository\com\amazonaws\aws-java-sdk-mediatailor\1.11.379\aws-java-sdk-mediatailor-1.11.379.jar;C:\Users\Boommeister69\.m2\repository\com\amazonaws\aws-java-sdk-neptune\1.11.379\aws-java-sdk-neptune-1.11.379.jar;C:\Users\Boommeister69\.m2\repository\com\amazonaws\aws-java-sdk-pi\1.11.379\aws-java-sdk-pi-1.11.379.jar;C:\Users\Boommeister69\.m2\repository\com\amazonaws\aws-java-sdk-iot1clickprojects\1.11.379\aws-java-sdk-iot1clickprojects-1.11.379.jar;C:\Users\Boommeister69\.m2\repository\com\amazonaws\aws-java-sdk-iot1clickdevices\1.11.379\aws-java-sdk-iot1clickdevices-1.11.379.jar;C:\Users\Boommeister69\.m2\repository\com\amazonaws\aws-java-sdk-iotanalytics\1.11.379\aws-java-sdk-iotanalytics-1.11.379.jar;C:\Users\Boommeister69\.m2\repository\com\amazonaws\aws-java-sdk-acmpca\1.11.379\aws-java-sdk-acmpca-1.11.379.jar;C:\Users\Boommeister69\.m2\repository\com\amazonaws\aws-java-sdk-secretsmanager\1.11.379\aws-java-sdk-secretsmanager-1.11.379.jar;C:\Users\Boommeister69\.m2\repository\com\amazonaws\aws-java-sdk-fms\1.11.379\aws-java-sdk-fms-1.11.379.jar;C:\Users\Boommeister69\.m2\repository\com\amazonaws\aws-java-sdk-connect\1.11.379\aws-java-sdk-connect-1.11.379.jar;C:\Users\Boommeister69\.m2\repository\com\amazonaws\aws-java-sdk-transcribe\1.11.379\aws-java-sdk-transcribe-1.11.379.jar;C:\Users\Boommeister69\.m2\repository\com\amazonaws\aws-java-sdk-autoscalingplans\1.11.379\aws-java-sdk-autoscalingplans-1.11.379.jar;C:\Users\Boommeister69\.m2\repository\com\amazonaws\aws-java-sdk-workmail\1.11.379\aws-java-sdk-workmail-1.11.379.jar;C:\Users\Boommeister69\.m2\repository\com\amazonaws\aws-java-sdk-servicediscovery\1.11.379\aws-java-sdk-servicediscovery-1.11.379.jar;C:\Users\Boommeister69\.m2\repository\com\amazonaws\aws-java-sdk-cloud9\1.11.379\aws-java-sdk-cloud9-1.11.379.jar;C:\Users\Boommeister69\.m2\repository\com\amazonaws\aws-java-sdk-serverlessapplicationrepository\1.11.379\aws-java-sdk-serverlessapplicationrepository-1.11.379.jar;C:\Users\Boommeister69\.m2\repository\com\amazonaws\aws-java-sdk-alexaforbusiness\1.11.379\aws-java-sdk-alexaforbusiness-1.11.379.jar;C:\Users\Boommeister69\.m2\repository\com\amazonaws\aws-java-sdk-resourcegroups\1.11.379\aws-java-sdk-resourcegroups-1.11.379.jar;C:\Users\Boommeister69\.m2\repository\com\amazonaws\aws-java-sdk-comprehend\1.11.379\aws-java-sdk-comprehend-1.11.379.jar;C:\Users\Boommeister69\.m2\repository\com\amazonaws\aws-java-sdk-translate\1.11.379\aws-java-sdk-translate-1.11.379.jar;C:\Users\Boommeister69\.m2\repository\com\amazonaws\aws-java-sdk-sagemaker\1.11.379\aws-java-sdk-sagemaker-1.11.379.jar;C:\Users\Boommeister69\.m2\repository\com\amazonaws\aws-java-sdk-iotjobsdataplane\1.11.379\aws-java-sdk-iotjobsdataplane-1.11.379.jar;C:\Users\Boommeister69\.m2\repository\com\amazonaws\aws-java-sdk-sagemakerruntime\1.11.379\aws-java-sdk-sagemakerruntime-1.11.379.jar;C:\Users\Boommeister69\.m2\repository\com\amazonaws\aws-java-sdk-kinesisvideo\1.11.379\aws-java-sdk-kinesisvideo-1.11.379.jar;C:\Users\Boommeister69\.m2\repository\io\netty\netty-codec-http\4.1.49.Final\netty-codec-http-4.1.49.Final.jar;C:\Users\Boommeister69\.m2\repository\io\netty\netty-common\4.1.49.Final\netty-common-4.1.49.Final.jar;C:\Users\Boommeister69\.m2\repository\io\netty\netty-buffer\4.1.49.Final\netty-buffer-4.1.49.Final.jar;C:\Users\Boommeister69\.m2\repository\io\netty\netty-transport\4.1.49.Final\netty-transport-4.1.49.Final.jar;C:\Users\Boommeister69\.m2\repository\io\netty\netty-codec\4.1.49.Final\netty-codec-4.1.49.Final.jar;C:\Users\Boommeister69\.m2\repository\io\netty\netty-handler\4.1.49.Final\netty-handler-4.1.49.Final.jar;C:\Users\Boommeister69\.m2\repository\io\netty\netty-resolver\4.1.49.Final\netty-resolver-4.1.49.Final.jar;C:\Users\Boommeister69\.m2\repository\com\amazonaws\aws-java-sdk-appsync\1.11.379\aws-java-sdk-appsync-1.11.379.jar;C:\Users\Boommeister69\.m2\repository\com\amazonaws\aws-java-sdk-guardduty\1.11.379\aws-java-sdk-guardduty-1.11.379.jar;C:\Users\Boommeister69\.m2\repository\com\amazonaws\aws-java-sdk-mq\1.11.379\aws-java-sdk-mq-1.11.379.jar;C:\Users\Boommeister69\.m2\repository\com\amazonaws\aws-java-sdk-mediaconvert\1.11.379\aws-java-sdk-mediaconvert-1.11.379.jar;C:\Users\Boommeister69\.m2\repository\com\amazonaws\aws-java-sdk-mediastore\1.11.379\aws-java-sdk-mediastore-1.11.379.jar;C:\Users\Boommeister69\.m2\repository\com\amazonaws\aws-java-sdk-mediastoredata\1.11.379\aws-java-sdk-mediastoredata-1.11.379.jar;C:\Users\Boommeister69\.m2\repository\com\amazonaws\aws-java-sdk-medialive\1.11.379\aws-java-sdk-medialive-1.11.379.jar;C:\Users\Boommeister69\.m2\repository\com\amazonaws\aws-java-sdk-mediapackage\1.11.379\aws-java-sdk-mediapackage-1.11.379.jar;C:\Users\Boommeister69\.m2\repository\com\amazonaws\aws-java-sdk-costexplorer\1.11.379\aws-java-sdk-costexplorer-1.11.379.jar;C:\Users\Boommeister69\.m2\repository\com\amazonaws\aws-java-sdk-pricing\1.11.379\aws-java-sdk-pricing-1.11.379.jar;C:\Users\Boommeister69\.m2\repository\com\amazonaws\aws-java-sdk-mobile\1.11.379\aws-java-sdk-mobile-1.11.379.jar;C:\Users\Boommeister69\.m2\repository\com\amazonaws\aws-java-sdk-cloudhsmv2\1.11.379\aws-java-sdk-cloudhsmv2-1.11.379.jar;C:\Users\Boommeister69\.m2\repository\com\amazonaws\aws-java-sdk-glue\1.11.379\aws-java-sdk-glue-1.11.379.jar;C:\Users\Boommeister69\.m2\repository\com\amazonaws\aws-java-sdk-migrationhub\1.11.379\aws-java-sdk-migrationhub-1.11.379.jar;C:\Users\Boommeister69\.m2\repository\com\amazonaws\aws-java-sdk-dax\1.11.379\aws-java-sdk-dax-1.11.379.jar;C:\Users\Boommeister69\.m2\repository\com\amazonaws\aws-java-sdk-greengrass\1.11.379\aws-java-sdk-greengrass-1.11.379.jar;C:\Users\Boommeister69\.m2\repository\com\amazonaws\aws-java-sdk-athena\1.11.379\aws-java-sdk-athena-1.11.379.jar;C:\Users\Boommeister69\.m2\repository\com\amazonaws\aws-java-sdk-marketplaceentitlement\1.11.379\aws-java-sdk-marketplaceentitlement-1.11.379.jar;C:\Users\Boommeister69\.m2\repository\com\amazonaws\aws-java-sdk-codestar\1.11.379\aws-java-sdk-codestar-1.11.379.jar;C:\Users\Boommeister69\.m2\repository\com\amazonaws\aws-java-sdk-lexmodelbuilding\1.11.379\aws-java-sdk-lexmodelbuilding-1.11.379.jar;C:\Users\Boommeister69\.m2\repository\com\amazonaws\aws-java-sdk-resourcegroupstaggingapi\1.11.379\aws-java-sdk-resourcegroupstaggingapi-1.11.379.jar;C:\Users\Boommeister69\.m2\repository\com\amazonaws\aws-java-sdk-pinpoint\1.11.379\aws-java-sdk-pinpoint-1.11.379.jar;C:\Users\Boommeister69\.m2\repository\com\amazonaws\aws-java-sdk-xray\1.11.379\aws-java-sdk-xray-1.11.379.jar;C:\Users\Boommeister69\.m2\repository\com\amazonaws\aws-java-sdk-opsworkscm\1.11.379\aws-java-sdk-opsworkscm-1.11.379.jar;C:\Users\Boommeister69\.m2\repository\com\amazonaws\aws-java-sdk-support\1.11.379\aws-java-sdk-support-1.11.379.jar;C:\Users\Boommeister69\.m2\repository\com\amazonaws\aws-java-sdk-simpledb\1.11.379\aws-java-sdk-simpledb-1.11.379.jar;C:\Users\Boommeister69\.m2\repository\com\amazonaws\aws-java-sdk-servicecatalog\1.11.379\aws-java-sdk-servicecatalog-1.11.379.jar;C:\Users\Boommeister69\.m2\repository\com\amazonaws\aws-java-sdk-servermigration\1.11.379\aws-java-sdk-servermigration-1.11.379.jar;C:\Users\Boommeister69\.m2\repository\com\amazonaws\aws-java-sdk-simpleworkflow\1.11.379\aws-java-sdk-simpleworkflow-1.11.379.jar;C:\Users\Boommeister69\.m2\repository\com\amazonaws\aws-java-sdk-storagegateway\1.11.379\aws-java-sdk-storagegateway-1.11.379.jar;C:\Users\Boommeister69\.m2\repository\com\amazonaws\aws-java-sdk-route53\1.11.379\aws-java-sdk-route53-1.11.379.jar;C:\Users\Boommeister69\.m2\repository\com\amazonaws\aws-java-sdk-s3\1.11.379\aws-java-sdk-s3-1.11.379.jar;C:\Users\Boommeister69\.m2\repository\com\amazonaws\aws-java-sdk-importexport\1.11.379\aws-java-sdk-importexport-1.11.379.jar;C:\Users\Boommeister69\.m2\repository\com\amazonaws\aws-java-sdk-sts\1.11.379\aws-java-sdk-sts-1.11.379.jar;C:\Users\Boommeister69\.m2\repository\com\amazonaws\aws-java-sdk-sqs\1.11.379\aws-java-sdk-sqs-1.11.379.jar;C:\Users\Boommeister69\.m2\repository\com\amazonaws\aws-java-sdk-rds\1.11.379\aws-java-sdk-rds-1.11.379.jar;C:\Users\Boommeister69\.m2\repository\com\amazonaws\aws-java-sdk-redshift\1.11.379\aws-java-sdk-redshift-1.11.379.jar;C:\Users\Boommeister69\.m2\repository\com\amazonaws\aws-java-sdk-elasticbeanstalk\1.11.379\aws-java-sdk-elasticbeanstalk-1.11.379.jar;C:\Users\Boommeister69\.m2\repository\com\amazonaws\aws-java-sdk-glacier\1.11.379\aws-java-sdk-glacier-1.11.379.jar;C:\Users\Boommeister69\.m2\repository\com\amazonaws\aws-java-sdk-iam\1.11.379\aws-java-sdk-iam-1.11.379.jar;C:\Users\Boommeister69\.m2\repository\com\amazonaws\aws-java-sdk-datapipeline\1.11.379\aws-java-sdk-datapipeline-1.11.379.jar;C:\Users\Boommeister69\.m2\repository\com\amazonaws\aws-java-sdk-elasticloadbalancing\1.11.379\aws-java-sdk-elasticloadbalancing-1.11.379.jar;C:\Users\Boommeister69\.m2\repository\com\amazonaws\aws-java-sdk-elasticloadbalancingv2\1.11.379\aws-java-sdk-elasticloadbalancingv2-1.11.379.jar;C:\Users\Boommeister69\.m2\repository\com\amazonaws\aws-java-sdk-emr\1.11.379\aws-java-sdk-emr-1.11.379.jar;C:\Users\Boommeister69\.m2\repository\com\amazonaws\aws-java-sdk-elasticache\1.11.379\aws-java-sdk-elasticache-1.11.379.jar;C:\Users\Boommeister69\.m2\repository\com\amazonaws\aws-java-sdk-elastictranscoder\1.11.379\aws-java-sdk-elastictranscoder-1.11.379.jar;C:\Users\Boommeister69\.m2\repository\com\amazonaws\aws-java-sdk-ec2\1.11.379\aws-java-sdk-ec2-1.11.379.jar;C:\Users\Boommeister69\.m2\repository\com\amazonaws\aws-java-sdk-dynamodb\1.11.379\aws-java-sdk-dynamodb-1.11.379.jar;C:\Users\Boommeister69\.m2\repository\com\amazonaws\aws-java-sdk-sns\1.11.379\aws-java-sdk-sns-1.11.379.jar;C:\Users\Boommeister69\.m2\repository\com\amazonaws\aws-java-sdk-budgets\1.11.379\aws-java-sdk-budgets-1.11.379.jar;C:\Users\Boommeister69\.m2\repository\com\amazonaws\aws-java-sdk-cloudtrail\1.11.379\aws-java-sdk-cloudtrail-1.11.379.jar;C:\Users\Boommeister69\.m2\repository\com\amazonaws\aws-java-sdk-cloudwatch\1.11.379\aws-java-sdk-cloudwatch-1.11.379.jar;C:\Users\Boommeister69\.m2\repository\com\amazonaws\aws-java-sdk-logs\1.11.379\aws-java-sdk-logs-1.11.379.jar;C:\Users\Boommeister69\.m2\repository\com\amazonaws\aws-java-sdk-events\1.11.379\aws-java-sdk-events-1.11.379.jar;C:\Users\Boommeister69\.m2\repository\com\amazonaws\aws-java-sdk-cognitoidentity\1.11.379\aws-java-sdk-cognitoidentity-1.11.379.jar;C:\Users\Boommeister69\.m2\repository\com\amazonaws\aws-java-sdk-cognitosync\1.11.379\aws-java-sdk-cognitosync-1.11.379.jar;C:\Users\Boommeister69\.m2\repository\com\amazonaws\aws-java-sdk-directconnect\1.11.379\aws-java-sdk-directconnect-1.11.379.jar;C:\Users\Boommeister69\.m2\repository\com\amazonaws\aws-java-sdk-cloudformation\1.11.379\aws-java-sdk-cloudformation-1.11.379.jar;C:\Users\Boommeister69\.m2\repository\com\amazonaws\aws-java-sdk-cloudfront\1.11.379\aws-java-sdk-cloudfront-1.11.379.jar;C:\Users\Boommeister69\.m2\repository\com\amazonaws\aws-java-sdk-clouddirectory\1.11.379\aws-java-sdk-clouddirectory-1.11.379.jar;C:\Users\Boommeister69\.m2\repository\com\amazonaws\aws-java-sdk-kinesis\1.11.379\aws-java-sdk-kinesis-1.11.379.jar;C:\Users\Boommeister69\.m2\repository\com\amazonaws\aws-java-sdk-opsworks\1.11.379\aws-java-sdk-opsworks-1.11.379.jar;C:\Users\Boommeister69\.m2\repository\com\amazonaws\aws-java-sdk-ses\1.11.379\aws-java-sdk-ses-1.11.379.jar;C:\Users\Boommeister69\.m2\repository\com\amazonaws\aws-java-sdk-autoscaling\1.11.379\aws-java-sdk-autoscaling-1.11.379.jar;C:\Users\Boommeister69\.m2\repository\com\amazonaws\aws-java-sdk-cloudsearch\1.11.379\aws-java-sdk-cloudsearch-1.11.379.jar;C:\Users\Boommeister69\.m2\repository\com\amazonaws\aws-java-sdk-cloudwatchmetrics\1.11.379\aws-java-sdk-cloudwatchmetrics-1.11.379.jar;C:\Users\Boommeister69\.m2\repository\com\amazonaws\aws-java-sdk-codedeploy\1.11.379\aws-java-sdk-codedeploy-1.11.379.jar;C:\Users\Boommeister69\.m2\repository\com\amazonaws\aws-java-sdk-codepipeline\1.11.379\aws-java-sdk-codepipeline-1.11.379.jar;C:\Users\Boommeister69\.m2\repository\com\amazonaws\aws-java-sdk-kms\1.11.379\aws-java-sdk-kms-1.11.379.jar;C:\Users\Boommeister69\.m2\repository\com\amazonaws\aws-java-sdk-config\1.11.379\aws-java-sdk-config-1.11.379.jar;C:\Users\Boommeister69\.m2\repository\com\amazonaws\aws-java-sdk-lambda\1.11.379\aws-java-sdk-lambda-1.11.379.jar;C:\Users\Boommeister69\.m2\repository\com\amazonaws\aws-java-sdk-ecs\1.11.379\aws-java-sdk-ecs-1.11.379.jar;C:\Users\Boommeister69\.m2\repository\com\amazonaws\aws-java-sdk-ecr\1.11.379\aws-java-sdk-ecr-1.11.379.jar;C:\Users\Boommeister69\.m2\repository\com\amazonaws\aws-java-sdk-cloudhsm\1.11.379\aws-java-sdk-cloudhsm-1.11.379.jar;C:\Users\Boommeister69\.m2\repository\com\amazonaws\aws-java-sdk-ssm\1.11.379\aws-java-sdk-ssm-1.11.379.jar;C:\Users\Boommeister69\.m2\repository\com\amazonaws\aws-java-sdk-workspaces\1.11.379\aws-java-sdk-workspaces-1.11.379.jar;C:\Users\Boommeister69\.m2\repository\com\amazonaws\aws-java-sdk-machinelearning\1.11.379\aws-java-sdk-machinelearning-1.11.379.jar;C:\Users\Boommeister69\.m2\repository\com\amazonaws\aws-java-sdk-directory\1.11.379\aws-java-sdk-directory-1.11.379.jar;C:\Users\Boommeister69\.m2\repository\com\amazonaws\aws-java-sdk-efs\1.11.379\aws-java-sdk-efs-1.11.379.jar;C:\Users\Boommeister69\.m2\repository\com\amazonaws\aws-java-sdk-codecommit\1.11.379\aws-java-sdk-codecommit-1.11.379.jar;C:\Users\Boommeister69\.m2\repository\com\amazonaws\aws-java-sdk-devicefarm\1.11.379\aws-java-sdk-devicefarm-1.11.379.jar;C:\Users\Boommeister69\.m2\repository\com\amazonaws\aws-java-sdk-elasticsearch\1.11.379\aws-java-sdk-elasticsearch-1.11.379.jar;C:\Users\Boommeister69\.m2\repository\com\amazonaws\aws-java-sdk-waf\1.11.379\aws-java-sdk-waf-1.11.379.jar;C:\Users\Boommeister69\.m2\repository\com\amazonaws\aws-java-sdk-marketplacecommerceanalytics\1.11.379\aws-java-sdk-marketplacecommerceanalytics-1.11.379.jar;C:\Users\Boommeister69\.m2\repository\com\amazonaws\aws-java-sdk-inspector\1.11.379\aws-java-sdk-inspector-1.11.379.jar;C:\Users\Boommeister69\.m2\repository\com\amazonaws\aws-java-sdk-iot\1.11.379\aws-java-sdk-iot-1.11.379.jar;C:\Users\Boommeister69\.m2\repository\com\amazonaws\aws-java-sdk-api-gateway\1.11.379\aws-java-sdk-api-gateway-1.11.379.jar;C:\Users\Boommeister69\.m2\repository\com\amazonaws\aws-java-sdk-acm\1.11.379\aws-java-sdk-acm-1.11.379.jar;C:\Users\Boommeister69\.m2\repository\com\amazonaws\aws-java-sdk-gamelift\1.11.379\aws-java-sdk-gamelift-1.11.379.jar;C:\Users\Boommeister69\.m2\repository\com\amazonaws\aws-java-sdk-dms\1.11.379\aws-java-sdk-dms-1.11.379.jar;C:\Users\Boommeister69\.m2\repository\com\amazonaws\aws-java-sdk-marketplacemeteringservice\1.11.379\aws-java-sdk-marketplacemeteringservice-1.11.379.jar;C:\Users\Boommeister69\.m2\repository\com\amazonaws\aws-java-sdk-cognitoidp\1.11.379\aws-java-sdk-cognitoidp-1.11.379.jar;C:\Users\Boommeister69\.m2\repository\com\amazonaws\aws-java-sdk-discovery\1.11.379\aws-java-sdk-discovery-1.11.379.jar;C:\Users\Boommeister69\.m2\repository\com\amazonaws\aws-java-sdk-applicationautoscaling\1.11.379\aws-java-sdk-applicationautoscaling-1.11.379.jar;C:\Users\Boommeister69\.m2\repository\com\amazonaws\aws-java-sdk-snowball\1.11.379\aws-java-sdk-snowball-1.11.379.jar;C:\Users\Boommeister69\.m2\repository\com\amazonaws\aws-java-sdk-rekognition\1.11.379\aws-java-sdk-rekognition-1.11.379.jar;C:\Users\Boommeister69\.m2\repository\com\amazonaws\aws-java-sdk-polly\1.11.379\aws-java-sdk-polly-1.11.379.jar;C:\Users\Boommeister69\.m2\repository\com\amazonaws\aws-java-sdk-lightsail\1.11.379\aws-java-sdk-lightsail-1.11.379.jar;C:\Users\Boommeister69\.m2\repository\com\amazonaws\aws-java-sdk-stepfunctions\1.11.379\aws-java-sdk-stepfunctions-1.11.379.jar;C:\Users\Boommeister69\.m2\repository\com\amazonaws\aws-java-sdk-health\1.11.379\aws-java-sdk-health-1.11.379.jar;C:\Users\Boommeister69\.m2\repository\com\amazonaws\aws-java-sdk-costandusagereport\1.11.379\aws-java-sdk-costandusagereport-1.11.379.jar;C:\Users\Boommeister69\.m2\repository\com\amazonaws\aws-java-sdk-codebuild\1.11.379\aws-java-sdk-codebuild-1.11.379.jar;C:\Users\Boommeister69\.m2\repository\com\amazonaws\aws-java-sdk-appstream\1.11.379\aws-java-sdk-appstream-1.11.379.jar;C:\Users\Boommeister69\.m2\repository\com\amazonaws\aws-java-sdk-shield\1.11.379\aws-java-sdk-shield-1.11.379.jar;C:\Users\Boommeister69\.m2\repository\com\amazonaws\aws-java-sdk-batch\1.11.379\aws-java-sdk-batch-1.11.379.jar;C:\Users\Boommeister69\.m2\repository\com\amazonaws\aws-java-sdk-lex\1.11.379\aws-java-sdk-lex-1.11.379.jar;C:\Users\Boommeister69\.m2\repository\com\amazonaws\aws-java-sdk-mechanicalturkrequester\1.11.379\aws-java-sdk-mechanicalturkrequester-1.11.379.jar;C:\Users\Boommeister69\.m2\repository\com\amazonaws\aws-java-sdk-organizations\1.11.379\aws-java-sdk-organizations-1.11.379.jar;C:\Users\Boommeister69\.m2\repository\com\amazonaws\aws-java-sdk-workdocs\1.11.379\aws-java-sdk-workdocs-1.11.379.jar;C:\Users\Boommeister69\.m2\repository\com\amazonaws\aws-java-sdk-core\1.11.379\aws-java-sdk-core-1.11.379.jar;C:\Users\Boommeister69\.m2\repository\commons-logging\commons-logging\1.1.3\commons-logging-1.1.3.jar;C:\Users\Boommeister69\.m2\repository\org\apache\httpcomponents\httpclient\4.5.12\httpclient-4.5.12.jar;C:\Users\Boommeister69\.m2\repository\org\apache\httpcomponents\httpcore\4.4.13\httpcore-4.4.13.jar;C:\Users\Boommeister69\.m2\repository\commons-codec\commons-codec\1.13\commons-codec-1.13.jar;C:\Users\Boommeister69\.m2\repository\software\amazon\ion\ion-java\1.0.2\ion-java-1.0.2.jar;C:\Users\Boommeister69\.m2\repository\com\fasterxml\jackson\dataformat\jackson-dataformat-cbor\2.10.4\jackson-dataformat-cbor-2.10.4.jar;C:\Users\Boommeister69\.m2\repository\joda-time\joda-time\2.10.6\joda-time-2.10.6.jar;C:\Users\Boommeister69\.m2\repository\com\amazonaws\aws-java-sdk-models\1.11.379\aws-java-sdk-models-1.11.379.jar;C:\Users\Boommeister69\.m2\repository\com\amazonaws\aws-java-sdk-swf-libraries\1.11.22\aws-java-sdk-swf-libraries-1.11.22.jar;C:\Users\Boommeister69\.m2\repository\org\springframework\boot\spring-boot-starter-web\2.2.7.RELEASE\spring-boot-starter-web-2.2.7.RELEASE.jar;C:\Users\Boommeister69\.m2\repository\org\springframework\boot\spring-boot-starter\2.2.7.RELEASE\spring-boot-starter-2.2.7.RELEASE.jar;C:\Users\Boommeister69\.m2\repository\org\springframework\boot\spring-boot-starter-logging\2.2.7.RELEASE\spring-boot-starter-logging-2.2.7.RELEASE.jar;C:\Users\Boommeister69\.m2\repository\ch\qos\logback\logback-classic\1.2.3\logback-classic-1.2.3.jar;C:\Users\Boommeister69\.m2\repository\ch\qos\logback\logback-core\1.2.3\logback-core-1.2.3.jar;C:\Users\Boommeister69\.m2\repository\org\apache\logging\log4j\log4j-to-slf4j\2.12.1\log4j-to-slf4j-2.12.1.jar;C:\Users\Boommeister69\.m2\repository\org\apache\logging\log4j\log4j-api\2.12.1\log4j-api-2.12.1.jar;C:\Users\Boommeister69\.m2\repository\org\slf4j\jul-to-slf4j\1.7.30\jul-to-slf4j-1.7.30.jar;C:\Users\Boommeister69\.m2\repository\jakarta\annotation\jakarta.annotation-api\1.3.5\jakarta.annotation-api-1.3.5.jar;C:\Users\Boommeister69\.m2\repository\org\yaml\snakeyaml\1.25\snakeyaml-1.25.jar;C:\Users\Boommeister69\.m2\repository\org\springframework\boot\spring-boot-starter-json\2.2.7.RELEASE\spring-boot-starter-json-2.2.7.RELEASE.jar;C:\Users\Boommeister69\.m2\repository\com\fasterxml\jackson\datatype\jackson-datatype-jdk8\2.10.4\jackson-datatype-jdk8-2.10.4.jar;C:\Users\Boommeister69\.m2\repository\com\fasterxml\jackson\datatype\jackson-datatype-jsr310\2.10.4\jackson-datatype-jsr310-2.10.4.jar;C:\Users\Boommeister69\.m2\repository\com\fasterxml\jackson\module\jackson-module-parameter-names\2.10.4\jackson-module-parameter-names-2.10.4.jar;C:\Users\Boommeister69\.m2\repository\org\springframework\boot\spring-boot-starter-tomcat\2.2.7.RELEASE\spring-boot-starter-tomcat-2.2.7.RELEASE.jar;C:\Users\Boommeister69\.m2\repository\org\apache\tomcat\embed\tomcat-embed-core\9.0.34\tomcat-embed-core-9.0.34.jar;C:\Users\Boommeister69\.m2\repository\org\apache\tomcat\embed\tomcat-embed-el\9.0.34\tomcat-embed-el-9.0.34.jar;C:\Users\Boommeister69\.m2\repository\org\apache\tomcat\embed\tomcat-embed-websocket\9.0.34\tomcat-embed-websocket-9.0.34.jar;C:\Users\Boommeister69\.m2\repository\org\springframework\boot\spring-boot-starter-validation\2.2.7.RELEASE\spring-boot-starter-validation-2.2.7.RELEASE.jar;C:\Users\Boommeister69\.m2\repository\jakarta\validation\jakarta.validation-api\2.0.2\jakarta.validation-api-2.0.2.jar;C:\Users\Boommeister69\.m2\repository\org\hibernate\validator\hibernate-validator\6.0.19.Final\hibernate-validator-6.0.19.Final.jar;C:\Users\Boommeister69\.m2\repository\org\springframework\spring-web\5.2.6.RELEASE\spring-web-5.2.6.RELEASE.jar;C:\Users\Boommeister69\.m2\repository\org\springframework\spring-webmvc\5.2.6.RELEASE\spring-webmvc-5.2.6.RELEASE.jar;C:\Users\Boommeister69\.m2\repository\org\springframework\spring-expression\5.2.6.RELEASE\spring-expression-5.2.6.RELEASE.jar;C:\Users\Boommeister69\.m2\repository\org\mariadb\jdbc\mariadb-java-client\2.4.4\mariadb-java-client-2.4.4.jar;C:\Users\Boommeister69\.m2\repository\org\springframework\boot\spring-boot-devtools\2.2.7.RELEASE\spring-boot-devtools-2.2.7.RELEASE.jar;C:\Users\Boommeister69\.m2\repository\org\springframework\boot\spring-boot\2.2.7.RELEASE\spring-boot-2.2.7.RELEASE.jar;C:\Users\Boommeister69\.m2\repository\org\springframework\boot\spring-boot-autoconfigure\2.2.7.RELEASE\spring-boot-autoconfigure-2.2.7.RELEASE.jar;C:\Users\Boommeister69\.m2\repository\org\projectlombok\lombok\1.18.12\lombok-1.18.12.jar;C:\Users\Boommeister69\.m2\repository\org\springframework\boot\spring-boot-starter-test\2.2.7.RELEASE\spring-boot-starter-test-2.2.7.RELEASE.jar;C:\Users\Boommeister69\.m2\repository\org\springframework\boot\spring-boot-test\2.2.7.RELEASE\spring-boot-test-2.2.7.RELEASE.jar;C:\Users\Boommeister69\.m2\repository\org\springframework\boot\spring-boot-test-autoconfigure\2.2.7.RELEASE\spring-boot-test-autoconfigure-2.2.7.RELEASE.jar;C:\Users\Boommeister69\.m2\repository\com\jayway\jsonpath\json-path\2.4.0\json-path-2.4.0.jar;C:\Users\Boommeister69\.m2\repository\net\minidev\json-smart\2.3\json-smart-2.3.jar;C:\Users\Boommeister69\.m2\repository\net\minidev\accessors-smart\1.2\accessors-smart-1.2.jar;C:\Users\Boommeister69\.m2\repository\org\ow2\asm\asm\5.0.4\asm-5.0.4.jar;C:\Users\Boommeister69\.m2\repository\jakarta\xml\bind\jakarta.xml.bind-api\2.3.3\jakarta.xml.bind-api-2.3.3.jar;C:\Users\Boommeister69\.m2\repository\jakarta\activation\jakarta.activation-api\1.2.2\jakarta.activation-api-1.2.2.jar;C:\Users\Boommeister69\.m2\repository\org\junit\jupiter\junit-jupiter\5.5.2\junit-jupiter-5.5.2.jar;C:\Users\Boommeister69\.m2\repository\org\junit\jupiter\junit-jupiter-params\5.5.2\junit-jupiter-params-5.5.2.jar;C:\Users\Boommeister69\.m2\repository\org\junit\vintage\junit-vintage-engine\5.5.2\junit-vintage-engine-5.5.2.jar;C:\Users\Boommeister69\.m2\repository\org\mockito\mockito-junit-jupiter\3.1.0\mockito-junit-jupiter-3.1.0.jar;C:\Users\Boommeister69\.m2\repository\org\assertj\assertj-core\3.13.2\assertj-core-3.13.2.jar;C:\Users\Boommeister69\.m2\repository\org\hamcrest\hamcrest\2.1\hamcrest-2.1.jar;C:\Users\Boommeister69\.m2\repository\org\mockito\mockito-core\3.1.0\mockito-core-3.1.0.jar;C:\Users\Boommeister69\.m2\repository\net\bytebuddy\byte-buddy-agent\1.10.10\byte-buddy-agent-1.10.10.jar;C:\Users\Boommeister69\.m2\repository\org\objenesis\objenesis\2.6\objenesis-2.6.jar;C:\Users\Boommeister69\.m2\repository\org\skyscreamer\jsonassert\1.5.0\jsonassert-1.5.0.jar;C:\Users\Boommeister69\.m2\repository\com\vaadin\external\google\android-json\0.0.20131108.vaadin1\android-json-0.0.20131108.vaadin1.jar;C:\Users\Boommeister69\.m2\repository\org\springframework\spring-core\5.2.6.RELEASE\spring-core-5.2.6.RELEASE.jar;C:\Users\Boommeister69\.m2\repository\org\springframework\spring-jcl\5.2.6.RELEASE\spring-jcl-5.2.6.RELEASE.jar;C:\Users\Boommeister69\.m2\repository\org\springframework\spring-test\5.2.6.RELEASE\spring-test-5.2.6.RELEASE.jar;C:\Users\Boommeister69\.m2\repository\org\xmlunit\xmlunit-core\2.6.4\xmlunit-core-2.6.4.jar;C:\Users\Boommeister69\.m2\repository\org\junit\jupiter\junit-jupiter-api\5.3.2\junit-jupiter-api-5.3.2.jar;C:\Users\Boommeister69\.m2\repository\org\apiguardian\apiguardian-api\1.0.0\apiguardian-api-1.0.0.jar;C:\Users\Boommeister69\.m2\repository\org\opentest4j\opentest4j\1.1.1\opentest4j-1.1.1.jar;C:\Users\Boommeister69\.m2\repository\org\junit\platform\junit-platform-commons\1.5.2\junit-platform-commons-1.5.2.jar;C:\Users\Boommeister69\.m2\repository\org\junit\jupiter\junit-jupiter-engine\5.3.2\junit-jupiter-engine-5.3.2.jar;C:\Users\Boommeister69\.m2\repository\org\junit\platform\junit-platform-engine\1.5.2\junit-platform-engine-1.5.2.jar;C:\Users\Boommeister69\.m2\repository\org\modelmapper\modelmapper\2.3.7\modelmapper-2.3.7.jar;C:\Users\Boommeister69\.m2\repository\org\springframework\boot\spring-boot-starter-mail\2.2.7.RELEASE\spring-boot-starter-mail-2.2.7.RELEASE.jar;C:\Users\Boommeister69\.m2\repository\org\springframework\spring-context-support\5.2.6.RELEASE\spring-context-support-5.2.6.RELEASE.jar;C:\Users\Boommeister69\.m2\repository\com\sun\mail\jakarta.mail\1.6.5\jakarta.mail-1.6.5.jar;C:\Users\Boommeister69\.m2\repository\com\sun\activation\jakarta.activation\1.2.2\jakarta.activation-1.2.2.jar;C:\Users\Boommeister69\.m2\repository\com\github\ulisesbocchio\jasypt-spring-boot\3.0.2\jasypt-spring-boot-3.0.2.jar;C:\Users\Boommeister69\.m2\repository\org\jasypt\jasypt\1.9.3\jasypt-1.9.3.jar;C:\Users\Boommeister69\.m2\repository\io\springfox\springfox-swagger2\2.9.2\springfox-swagger2-2.9.2.jar;C:\Users\Boommeister69\.m2\repository\io\springfox\springfox-spi\2.9.2\springfox-spi-2.9.2.jar;C:\Users\Boommeister69\.m2\repository\io\springfox\springfox-core\2.9.2\springfox-core-2.9.2.jar;C:\Users\Boommeister69\.m2\repository\io\springfox\springfox-schema\2.9.2\springfox-schema-2.9.2.jar;C:\Users\Boommeister69\.m2\repository\io\springfox\springfox-swagger-common\2.9.2\springfox-swagger-common-2.9.2.jar;C:\Users\Boommeister69\.m2\repository\io\springfox\springfox-spring-web\2.9.2\springfox-spring-web-2.9.2.jar;C:\Users\Boommeister69\.m2\repository\com\google\guava\guava\20.0\guava-20.0.jar;C:\Users\Boommeister69\.m2\repository\com\fasterxml\classmate\1.5.1\classmate-1.5.1.jar;C:\Users\Boommeister69\.m2\repository\org\slf4j\slf4j-api\1.7.30\slf4j-api-1.7.30.jar;C:\Users\Boommeister69\.m2\repository\org\springframework\plugin\spring-plugin-core\1.2.0.RELEASE\spring-plugin-core-1.2.0.RELEASE.jar;C:\Users\Boommeister69\.m2\repository\org\springframework\plugin\spring-plugin-metadata\1.2.0.RELEASE\spring-plugin-metadata-1.2.0.RELEASE.jar;C:\Users\Boommeister69\.m2\repository\org\mapstruct\mapstruct\1.2.0.Final\mapstruct-1.2.0.Final.jar;C:\Users\Boommeister69\.m2\repository\io\springfox\springfox-swagger-ui\2.9.2\springfox-swagger-ui-2.9.2.jar;C:\Users\Boommeister69\.m2\repository\io\swagger\swagger-annotations\1.5.21\swagger-annotations-1.5.21.jar;C:\Users\Boommeister69\.m2\repository\io\swagger\swagger-models\1.5.21\swagger-models-1.5.21.jar;C:\Users\Boommeister69\.m2\repository\com\fasterxml\jackson\core\jackson-annotations\2.10.4\jackson-annotations-2.10.4.jar;C:\Users\Boommeister69\.m2\repository\com\zaxxer\HikariCP\3.4.5\HikariCP-3.4.5.jar;C:\Users\Boommeister69\.m2\repository\commons-io\commons-io\2.6\commons-io-2.6.jar;C:\Users\Boommeister69\.m2\repository\org\springframework\boot\spring-boot-starter-security\2.2.7.RELEASE\spring-boot-starter-security-2.2.7.RELEASE.jar;C:\Users\Boommeister69\.m2\repository\org\springframework\spring-aop\5.2.6.RELEASE\spring-aop-5.2.6.RELEASE.jar;C:\Users\Boommeister69\.m2\repository\org\springframework\security\spring-security-config\5.2.4.RELEASE\spring-security-config-5.2.4.RELEASE.jar;C:\Users\Boommeister69\.m2\repository\org\springframework\security\spring-security-web\5.2.4.RELEASE\spring-security-web-5.2.4.RELEASE.jar;C:\Users\Boommeister69\.m2\repository\io\jsonwebtoken\jjwt\0.9.1\jjwt-0.9.1.jar;C:\Users\Boommeister69\.m2\repository\com\fasterxml\jackson\core\jackson-databind\2.10.4\jackson-databind-2.10.4.jar;C:\Users\Boommeister69\.m2\repository\com\fasterxml\jackson\core\jackson-core\2.10.4\jackson-core-2.10.4.jar;C:\Users\Boommeister69\.m2\repository\org\springframework\security\spring-security-test\5.2.4.RELEASE\spring-security-test-5.2.4.RELEASE.jar;C:\Users\Boommeister69\.m2\repository\org\springframework\security\spring-security-core\5.2.4.RELEASE\spring-security-core-5.2.4.RELEASE.jar;C:\Users\Boommeister69\.m2\repository\com\googlecode\json-simple\json-simple\1.1.1\json-simple-1.1.1.jar;C:\Users\Boommeister69\.m2\repository\junit\junit\4.12\junit-4.12.jar;C:\Users\Boommeister69\.m2\repository\org\hamcrest\hamcrest-core\2.1\hamcrest-core-2.1.jar;"/>
    <property name="java.vm.vendor" value="JetBrains s.r.o"/>
    <property name="sun.arch.data.model" value="64"/>
    <property name="user.variant" value=""/>
    <property name="java.vendor.url" value="https://www.jetbrains.com/"/>
    <property name="user.timezone" value="Europe/Berlin"/>
    <property name="java.vm.specification.version" value="11"/>
    <property name="os.name" value="Windows 10"/>
    <property name="sun.java.launcher" value="SUN_STANDARD"/>
    <property name="user.country" value="DE"/>
    <property name="sun.boot.library.path" value="C:\Program Files\JetBrains\IntelliJ IDEA Community Edition 2019.2.2\jbr\bin"/>
    <property name="sun.java.command" value="C:\Users\BOOMME~1\AppData\Local\Temp\surefire16586543365799183322\surefirebooter6693591439190681480.jar C:\Users\Boommeister69\AppData\Local\Temp\surefire16586543365799183322 2020-09-09T18-26-47_294-jvmRun1 surefire8144335185388915544tmp surefire_086482471757037843tmp"/>
    <property name="jdk.debug" value="release"/>
    <property name="surefire.test.class.path" value="C:\Users\Boommeister69\workspace\StudileihGergelyUsh\studileih-backend-latest\studileih-SpringBoot\target\test-classes;C:\Users\Boommeister69\workspace\StudileihGergelyUsh\studileih-backend-latest\studileih-SpringBoot\target\classes;C:\Users\Boommeister69\.m2\repository\org\springframework\boot\spring-boot-starter-data-jpa\2.2.7.RELEASE\spring-boot-starter-data-jpa-2.2.7.RELEASE.jar;C:\Users\Boommeister69\.m2\repository\org\springframework\boot\spring-boot-starter-aop\2.2.7.RELEASE\spring-boot-starter-aop-2.2.7.RELEASE.jar;C:\Users\Boommeister69\.m2\repository\org\aspectj\aspectjweaver\1.9.5\aspectjweaver-1.9.5.jar;C:\Users\Boommeister69\.m2\repository\org\springframework\boot\spring-boot-starter-jdbc\2.2.7.RELEASE\spring-boot-starter-jdbc-2.2.7.RELEASE.jar;C:\Users\Boommeister69\.m2\repository\org\springframework\spring-jdbc\5.2.6.RELEASE\spring-jdbc-5.2.6.RELEASE.jar;C:\Users\Boommeister69\.m2\repository\jakarta\persistence\jakarta.persistence-api\2.2.3\jakarta.persistence-api-2.2.3.jar;C:\Users\Boommeister69\.m2\repository\jakarta\transaction\jakarta.transaction-api\1.3.3\jakarta.transaction-api-1.3.3.jar;C:\Users\Boommeister69\.m2\repository\org\hibernate\hibernate-core\5.4.15.Final\hibernate-core-5.4.15.Final.jar;C:\Users\Boommeister69\.m2\repository\org\jboss\logging\jboss-logging\3.4.1.Final\jboss-logging-3.4.1.Final.jar;C:\Users\Boommeister69\.m2\repository\org\javassist\javassist\3.24.0-GA\javassist-3.24.0-GA.jar;C:\Users\Boommeister69\.m2\repository\net\bytebuddy\byte-buddy\1.10.10\byte-buddy-1.10.10.jar;C:\Users\Boommeister69\.m2\repository\antlr\antlr\2.7.7\antlr-2.7.7.jar;C:\Users\Boommeister69\.m2\repository\org\jboss\jandex\2.1.3.Final\jandex-2.1.3.Final.jar;C:\Users\Boommeister69\.m2\repository\org\dom4j\dom4j\2.1.3\dom4j-2.1.3.jar;C:\Users\Boommeister69\.m2\repository\org\hibernate\common\hibernate-commons-annotations\5.1.0.Final\hibernate-commons-annotations-5.1.0.Final.jar;C:\Users\Boommeister69\.m2\repository\org\glassfish\jaxb\jaxb-runtime\2.3.3\jaxb-runtime-2.3.3.jar;C:\Users\Boommeister69\.m2\repository\org\glassfish\jaxb\txw2\2.3.3\txw2-2.3.3.jar;C:\Users\Boommeister69\.m2\repository\com\sun\istack\istack-commons-runtime\3.0.11\istack-commons-runtime-3.0.11.jar;C:\Users\Boommeister69\.m2\repository\org\springframework\data\spring-data-jpa\2.2.7.RELEASE\spring-data-jpa-2.2.7.RELEASE.jar;C:\Users\Boommeister69\.m2\repository\org\springframework\data\spring-data-commons\2.2.7.RELEASE\spring-data-commons-2.2.7.RELEASE.jar;C:\Users\Boommeister69\.m2\repository\org\springframework\spring-orm\5.2.6.RELEASE\spring-orm-5.2.6.RELEASE.jar;C:\Users\Boommeister69\.m2\repository\org\springframework\spring-context\5.2.6.RELEASE\spring-context-5.2.6.RELEASE.jar;C:\Users\Boommeister69\.m2\repository\org\springframework\spring-tx\5.2.6.RELEASE\spring-tx-5.2.6.RELEASE.jar;C:\Users\Boommeister69\.m2\repository\org\springframework\spring-beans\5.2.6.RELEASE\spring-beans-5.2.6.RELEASE.jar;C:\Users\Boommeister69\.m2\repository\org\springframework\spring-aspects\5.2.6.RELEASE\spring-aspects-5.2.6.RELEASE.jar;C:\Users\Boommeister69\.m2\repository\com\amazonaws\aws-java-sdk\1.11.379\aws-java-sdk-1.11.379.jar;C:\Users\Boommeister69\.m2\repository\com\amazonaws\aws-java-sdk-dlm\1.11.379\aws-java-sdk-dlm-1.11.379.jar;C:\Users\Boommeister69\.m2\repository\com\amazonaws\jmespath-java\1.11.379\jmespath-java-1.11.379.jar;C:\Users\Boommeister69\.m2\repository\com\amazonaws\aws-java-sdk-macie\1.11.379\aws-java-sdk-macie-1.11.379.jar;C:\Users\Boommeister69\.m2\repository\com\amazonaws\aws-java-sdk-eks\1.11.379\aws-java-sdk-eks-1.11.379.jar;C:\Users\Boommeister69\.m2\repository\com\amazonaws\aws-java-sdk-mediatailor\1.11.379\aws-java-sdk-mediatailor-1.11.379.jar;C:\Users\Boommeister69\.m2\repository\com\amazonaws\aws-java-sdk-neptune\1.11.379\aws-java-sdk-neptune-1.11.379.jar;C:\Users\Boommeister69\.m2\repository\com\amazonaws\aws-java-sdk-pi\1.11.379\aws-java-sdk-pi-1.11.379.jar;C:\Users\Boommeister69\.m2\repository\com\amazonaws\aws-java-sdk-iot1clickprojects\1.11.379\aws-java-sdk-iot1clickprojects-1.11.379.jar;C:\Users\Boommeister69\.m2\repository\com\amazonaws\aws-java-sdk-iot1clickdevices\1.11.379\aws-java-sdk-iot1clickdevices-1.11.379.jar;C:\Users\Boommeister69\.m2\repository\com\amazonaws\aws-java-sdk-iotanalytics\1.11.379\aws-java-sdk-iotanalytics-1.11.379.jar;C:\Users\Boommeister69\.m2\repository\com\amazonaws\aws-java-sdk-acmpca\1.11.379\aws-java-sdk-acmpca-1.11.379.jar;C:\Users\Boommeister69\.m2\repository\com\amazonaws\aws-java-sdk-secretsmanager\1.11.379\aws-java-sdk-secretsmanager-1.11.379.jar;C:\Users\Boommeister69\.m2\repository\com\amazonaws\aws-java-sdk-fms\1.11.379\aws-java-sdk-fms-1.11.379.jar;C:\Users\Boommeister69\.m2\repository\com\amazonaws\aws-java-sdk-connect\1.11.379\aws-java-sdk-connect-1.11.379.jar;C:\Users\Boommeister69\.m2\repository\com\amazonaws\aws-java-sdk-transcribe\1.11.379\aws-java-sdk-transcribe-1.11.379.jar;C:\Users\Boommeister69\.m2\repository\com\amazonaws\aws-java-sdk-autoscalingplans\1.11.379\aws-java-sdk-autoscalingplans-1.11.379.jar;C:\Users\Boommeister69\.m2\repository\com\amazonaws\aws-java-sdk-workmail\1.11.379\aws-java-sdk-workmail-1.11.379.jar;C:\Users\Boommeister69\.m2\repository\com\amazonaws\aws-java-sdk-servicediscovery\1.11.379\aws-java-sdk-servicediscovery-1.11.379.jar;C:\Users\Boommeister69\.m2\repository\com\amazonaws\aws-java-sdk-cloud9\1.11.379\aws-java-sdk-cloud9-1.11.379.jar;C:\Users\Boommeister69\.m2\repository\com\amazonaws\aws-java-sdk-serverlessapplicationrepository\1.11.379\aws-java-sdk-serverlessapplicationrepository-1.11.379.jar;C:\Users\Boommeister69\.m2\repository\com\amazonaws\aws-java-sdk-alexaforbusiness\1.11.379\aws-java-sdk-alexaforbusiness-1.11.379.jar;C:\Users\Boommeister69\.m2\repository\com\amazonaws\aws-java-sdk-resourcegroups\1.11.379\aws-java-sdk-resourcegroups-1.11.379.jar;C:\Users\Boommeister69\.m2\repository\com\amazonaws\aws-java-sdk-comprehend\1.11.379\aws-java-sdk-comprehend-1.11.379.jar;C:\Users\Boommeister69\.m2\repository\com\amazonaws\aws-java-sdk-translate\1.11.379\aws-java-sdk-translate-1.11.379.jar;C:\Users\Boommeister69\.m2\repository\com\amazonaws\aws-java-sdk-sagemaker\1.11.379\aws-java-sdk-sagemaker-1.11.379.jar;C:\Users\Boommeister69\.m2\repository\com\amazonaws\aws-java-sdk-iotjobsdataplane\1.11.379\aws-java-sdk-iotjobsdataplane-1.11.379.jar;C:\Users\Boommeister69\.m2\repository\com\amazonaws\aws-java-sdk-sagemakerruntime\1.11.379\aws-java-sdk-sagemakerruntime-1.11.379.jar;C:\Users\Boommeister69\.m2\repository\com\amazonaws\aws-java-sdk-kinesisvideo\1.11.379\aws-java-sdk-kinesisvideo-1.11.379.jar;C:\Users\Boommeister69\.m2\repository\io\netty\netty-codec-http\4.1.49.Final\netty-codec-http-4.1.49.Final.jar;C:\Users\Boommeister69\.m2\repository\io\netty\netty-common\4.1.49.Final\netty-common-4.1.49.Final.jar;C:\Users\Boommeister69\.m2\repository\io\netty\netty-buffer\4.1.49.Final\netty-buffer-4.1.49.Final.jar;C:\Users\Boommeister69\.m2\repository\io\netty\netty-transport\4.1.49.Final\netty-transport-4.1.49.Final.jar;C:\Users\Boommeister69\.m2\repository\io\netty\netty-codec\4.1.49.Final\netty-codec-4.1.49.Final.jar;C:\Users\Boommeister69\.m2\repository\io\netty\netty-handler\4.1.49.Final\netty-handler-4.1.49.Final.jar;C:\Users\Boommeister69\.m2\repository\io\netty\netty-resolver\4.1.49.Final\netty-resolver-4.1.49.Final.jar;C:\Users\Boommeister69\.m2\repository\com\amazonaws\aws-java-sdk-appsync\1.11.379\aws-java-sdk-appsync-1.11.379.jar;C:\Users\Boommeister69\.m2\repository\com\amazonaws\aws-java-sdk-guardduty\1.11.379\aws-java-sdk-guardduty-1.11.379.jar;C:\Users\Boommeister69\.m2\repository\com\amazonaws\aws-java-sdk-mq\1.11.379\aws-java-sdk-mq-1.11.379.jar;C:\Users\Boommeister69\.m2\repository\com\amazonaws\aws-java-sdk-mediaconvert\1.11.379\aws-java-sdk-mediaconvert-1.11.379.jar;C:\Users\Boommeister69\.m2\repository\com\amazonaws\aws-java-sdk-mediastore\1.11.379\aws-java-sdk-mediastore-1.11.379.jar;C:\Users\Boommeister69\.m2\repository\com\amazonaws\aws-java-sdk-mediastoredata\1.11.379\aws-java-sdk-mediastoredata-1.11.379.jar;C:\Users\Boommeister69\.m2\repository\com\amazonaws\aws-java-sdk-medialive\1.11.379\aws-java-sdk-medialive-1.11.379.jar;C:\Users\Boommeister69\.m2\repository\com\amazonaws\aws-java-sdk-mediapackage\1.11.379\aws-java-sdk-mediapackage-1.11.379.jar;C:\Users\Boommeister69\.m2\repository\com\amazonaws\aws-java-sdk-costexplorer\1.11.379\aws-java-sdk-costexplorer-1.11.379.jar;C:\Users\Boommeister69\.m2\repository\com\amazonaws\aws-java-sdk-pricing\1.11.379\aws-java-sdk-pricing-1.11.379.jar;C:\Users\Boommeister69\.m2\repository\com\amazonaws\aws-java-sdk-mobile\1.11.379\aws-java-sdk-mobile-1.11.379.jar;C:\Users\Boommeister69\.m2\repository\com\amazonaws\aws-java-sdk-cloudhsmv2\1.11.379\aws-java-sdk-cloudhsmv2-1.11.379.jar;C:\Users\Boommeister69\.m2\repository\com\amazonaws\aws-java-sdk-glue\1.11.379\aws-java-sdk-glue-1.11.379.jar;C:\Users\Boommeister69\.m2\repository\com\amazonaws\aws-java-sdk-migrationhub\1.11.379\aws-java-sdk-migrationhub-1.11.379.jar;C:\Users\Boommeister69\.m2\repository\com\amazonaws\aws-java-sdk-dax\1.11.379\aws-java-sdk-dax-1.11.379.jar;C:\Users\Boommeister69\.m2\repository\com\amazonaws\aws-java-sdk-greengrass\1.11.379\aws-java-sdk-greengrass-1.11.379.jar;C:\Users\Boommeister69\.m2\repository\com\amazonaws\aws-java-sdk-athena\1.11.379\aws-java-sdk-athena-1.11.379.jar;C:\Users\Boommeister69\.m2\repository\com\amazonaws\aws-java-sdk-marketplaceentitlement\1.11.379\aws-java-sdk-marketplaceentitlement-1.11.379.jar;C:\Users\Boommeister69\.m2\repository\com\amazonaws\aws-java-sdk-codestar\1.11.379\aws-java-sdk-codestar-1.11.379.jar;C:\Users\Boommeister69\.m2\repository\com\amazonaws\aws-java-sdk-lexmodelbuilding\1.11.379\aws-java-sdk-lexmodelbuilding-1.11.379.jar;C:\Users\Boommeister69\.m2\repository\com\amazonaws\aws-java-sdk-resourcegroupstaggingapi\1.11.379\aws-java-sdk-resourcegroupstaggingapi-1.11.379.jar;C:\Users\Boommeister69\.m2\repository\com\amazonaws\aws-java-sdk-pinpoint\1.11.379\aws-java-sdk-pinpoint-1.11.379.jar;C:\Users\Boommeister69\.m2\repository\com\amazonaws\aws-java-sdk-xray\1.11.379\aws-java-sdk-xray-1.11.379.jar;C:\Users\Boommeister69\.m2\repository\com\amazonaws\aws-java-sdk-opsworkscm\1.11.379\aws-java-sdk-opsworkscm-1.11.379.jar;C:\Users\Boommeister69\.m2\repository\com\amazonaws\aws-java-sdk-support\1.11.379\aws-java-sdk-support-1.11.379.jar;C:\Users\Boommeister69\.m2\repository\com\amazonaws\aws-java-sdk-simpledb\1.11.379\aws-java-sdk-simpledb-1.11.379.jar;C:\Users\Boommeister69\.m2\repository\com\amazonaws\aws-java-sdk-servicecatalog\1.11.379\aws-java-sdk-servicecatalog-1.11.379.jar;C:\Users\Boommeister69\.m2\repository\com\amazonaws\aws-java-sdk-servermigration\1.11.379\aws-java-sdk-servermigration-1.11.379.jar;C:\Users\Boommeister69\.m2\repository\com\amazonaws\aws-java-sdk-simpleworkflow\1.11.379\aws-java-sdk-simpleworkflow-1.11.379.jar;C:\Users\Boommeister69\.m2\repository\com\amazonaws\aws-java-sdk-storagegateway\1.11.379\aws-java-sdk-storagegateway-1.11.379.jar;C:\Users\Boommeister69\.m2\repository\com\amazonaws\aws-java-sdk-route53\1.11.379\aws-java-sdk-route53-1.11.379.jar;C:\Users\Boommeister69\.m2\repository\com\amazonaws\aws-java-sdk-s3\1.11.379\aws-java-sdk-s3-1.11.379.jar;C:\Users\Boommeister69\.m2\repository\com\amazonaws\aws-java-sdk-importexport\1.11.379\aws-java-sdk-importexport-1.11.379.jar;C:\Users\Boommeister69\.m2\repository\com\amazonaws\aws-java-sdk-sts\1.11.379\aws-java-sdk-sts-1.11.379.jar;C:\Users\Boommeister69\.m2\repository\com\amazonaws\aws-java-sdk-sqs\1.11.379\aws-java-sdk-sqs-1.11.379.jar;C:\Users\Boommeister69\.m2\repository\com\amazonaws\aws-java-sdk-rds\1.11.379\aws-java-sdk-rds-1.11.379.jar;C:\Users\Boommeister69\.m2\repository\com\amazonaws\aws-java-sdk-redshift\1.11.379\aws-java-sdk-redshift-1.11.379.jar;C:\Users\Boommeister69\.m2\repository\com\amazonaws\aws-java-sdk-elasticbeanstalk\1.11.379\aws-java-sdk-elasticbeanstalk-1.11.379.jar;C:\Users\Boommeister69\.m2\repository\com\amazonaws\aws-java-sdk-glacier\1.11.379\aws-java-sdk-glacier-1.11.379.jar;C:\Users\Boommeister69\.m2\repository\com\amazonaws\aws-java-sdk-iam\1.11.379\aws-java-sdk-iam-1.11.379.jar;C:\Users\Boommeister69\.m2\repository\com\amazonaws\aws-java-sdk-datapipeline\1.11.379\aws-java-sdk-datapipeline-1.11.379.jar;C:\Users\Boommeister69\.m2\repository\com\amazonaws\aws-java-sdk-elasticloadbalancing\1.11.379\aws-java-sdk-elasticloadbalancing-1.11.379.jar;C:\Users\Boommeister69\.m2\repository\com\amazonaws\aws-java-sdk-elasticloadbalancingv2\1.11.379\aws-java-sdk-elasticloadbalancingv2-1.11.379.jar;C:\Users\Boommeister69\.m2\repository\com\amazonaws\aws-java-sdk-emr\1.11.379\aws-java-sdk-emr-1.11.379.jar;C:\Users\Boommeister69\.m2\repository\com\amazonaws\aws-java-sdk-elasticache\1.11.379\aws-java-sdk-elasticache-1.11.379.jar;C:\Users\Boommeister69\.m2\repository\com\amazonaws\aws-java-sdk-elastictranscoder\1.11.379\aws-java-sdk-elastictranscoder-1.11.379.jar;C:\Users\Boommeister69\.m2\repository\com\amazonaws\aws-java-sdk-ec2\1.11.379\aws-java-sdk-ec2-1.11.379.jar;C:\Users\Boommeister69\.m2\repository\com\amazonaws\aws-java-sdk-dynamodb\1.11.379\aws-java-sdk-dynamodb-1.11.379.jar;C:\Users\Boommeister69\.m2\repository\com\amazonaws\aws-java-sdk-sns\1.11.379\aws-java-sdk-sns-1.11.379.jar;C:\Users\Boommeister69\.m2\repository\com\amazonaws\aws-java-sdk-budgets\1.11.379\aws-java-sdk-budgets-1.11.379.jar;C:\Users\Boommeister69\.m2\repository\com\amazonaws\aws-java-sdk-cloudtrail\1.11.379\aws-java-sdk-cloudtrail-1.11.379.jar;C:\Users\Boommeister69\.m2\repository\com\amazonaws\aws-java-sdk-cloudwatch\1.11.379\aws-java-sdk-cloudwatch-1.11.379.jar;C:\Users\Boommeister69\.m2\repository\com\amazonaws\aws-java-sdk-logs\1.11.379\aws-java-sdk-logs-1.11.379.jar;C:\Users\Boommeister69\.m2\repository\com\amazonaws\aws-java-sdk-events\1.11.379\aws-java-sdk-events-1.11.379.jar;C:\Users\Boommeister69\.m2\repository\com\amazonaws\aws-java-sdk-cognitoidentity\1.11.379\aws-java-sdk-cognitoidentity-1.11.379.jar;C:\Users\Boommeister69\.m2\repository\com\amazonaws\aws-java-sdk-cognitosync\1.11.379\aws-java-sdk-cognitosync-1.11.379.jar;C:\Users\Boommeister69\.m2\repository\com\amazonaws\aws-java-sdk-directconnect\1.11.379\aws-java-sdk-directconnect-1.11.379.jar;C:\Users\Boommeister69\.m2\repository\com\amazonaws\aws-java-sdk-cloudformation\1.11.379\aws-java-sdk-cloudformation-1.11.379.jar;C:\Users\Boommeister69\.m2\repository\com\amazonaws\aws-java-sdk-cloudfront\1.11.379\aws-java-sdk-cloudfront-1.11.379.jar;C:\Users\Boommeister69\.m2\repository\com\amazonaws\aws-java-sdk-clouddirectory\1.11.379\aws-java-sdk-clouddirectory-1.11.379.jar;C:\Users\Boommeister69\.m2\repository\com\amazonaws\aws-java-sdk-kinesis\1.11.379\aws-java-sdk-kinesis-1.11.379.jar;C:\Users\Boommeister69\.m2\repository\com\amazonaws\aws-java-sdk-opsworks\1.11.379\aws-java-sdk-opsworks-1.11.379.jar;C:\Users\Boommeister69\.m2\repository\com\amazonaws\aws-java-sdk-ses\1.11.379\aws-java-sdk-ses-1.11.379.jar;C:\Users\Boommeister69\.m2\repository\com\amazonaws\aws-java-sdk-autoscaling\1.11.379\aws-java-sdk-autoscaling-1.11.379.jar;C:\Users\Boommeister69\.m2\repository\com\amazonaws\aws-java-sdk-cloudsearch\1.11.379\aws-java-sdk-cloudsearch-1.11.379.jar;C:\Users\Boommeister69\.m2\repository\com\amazonaws\aws-java-sdk-cloudwatchmetrics\1.11.379\aws-java-sdk-cloudwatchmetrics-1.11.379.jar;C:\Users\Boommeister69\.m2\repository\com\amazonaws\aws-java-sdk-codedeploy\1.11.379\aws-java-sdk-codedeploy-1.11.379.jar;C:\Users\Boommeister69\.m2\repository\com\amazonaws\aws-java-sdk-codepipeline\1.11.379\aws-java-sdk-codepipeline-1.11.379.jar;C:\Users\Boommeister69\.m2\repository\com\amazonaws\aws-java-sdk-kms\1.11.379\aws-java-sdk-kms-1.11.379.jar;C:\Users\Boommeister69\.m2\repository\com\amazonaws\aws-java-sdk-config\1.11.379\aws-java-sdk-config-1.11.379.jar;C:\Users\Boommeister69\.m2\repository\com\amazonaws\aws-java-sdk-lambda\1.11.379\aws-java-sdk-lambda-1.11.379.jar;C:\Users\Boommeister69\.m2\repository\com\amazonaws\aws-java-sdk-ecs\1.11.379\aws-java-sdk-ecs-1.11.379.jar;C:\Users\Boommeister69\.m2\repository\com\amazonaws\aws-java-sdk-ecr\1.11.379\aws-java-sdk-ecr-1.11.379.jar;C:\Users\Boommeister69\.m2\repository\com\amazonaws\aws-java-sdk-cloudhsm\1.11.379\aws-java-sdk-cloudhsm-1.11.379.jar;C:\Users\Boommeister69\.m2\repository\com\amazonaws\aws-java-sdk-ssm\1.11.379\aws-java-sdk-ssm-1.11.379.jar;C:\Users\Boommeister69\.m2\repository\com\amazonaws\aws-java-sdk-workspaces\1.11.379\aws-java-sdk-workspaces-1.11.379.jar;C:\Users\Boommeister69\.m2\repository\com\amazonaws\aws-java-sdk-machinelearning\1.11.379\aws-java-sdk-machinelearning-1.11.379.jar;C:\Users\Boommeister69\.m2\repository\com\amazonaws\aws-java-sdk-directory\1.11.379\aws-java-sdk-directory-1.11.379.jar;C:\Users\Boommeister69\.m2\repository\com\amazonaws\aws-java-sdk-efs\1.11.379\aws-java-sdk-efs-1.11.379.jar;C:\Users\Boommeister69\.m2\repository\com\amazonaws\aws-java-sdk-codecommit\1.11.379\aws-java-sdk-codecommit-1.11.379.jar;C:\Users\Boommeister69\.m2\repository\com\amazonaws\aws-java-sdk-devicefarm\1.11.379\aws-java-sdk-devicefarm-1.11.379.jar;C:\Users\Boommeister69\.m2\repository\com\amazonaws\aws-java-sdk-elasticsearch\1.11.379\aws-java-sdk-elasticsearch-1.11.379.jar;C:\Users\Boommeister69\.m2\repository\com\amazonaws\aws-java-sdk-waf\1.11.379\aws-java-sdk-waf-1.11.379.jar;C:\Users\Boommeister69\.m2\repository\com\amazonaws\aws-java-sdk-marketplacecommerceanalytics\1.11.379\aws-java-sdk-marketplacecommerceanalytics-1.11.379.jar;C:\Users\Boommeister69\.m2\repository\com\amazonaws\aws-java-sdk-inspector\1.11.379\aws-java-sdk-inspector-1.11.379.jar;C:\Users\Boommeister69\.m2\repository\com\amazonaws\aws-java-sdk-iot\1.11.379\aws-java-sdk-iot-1.11.379.jar;C:\Users\Boommeister69\.m2\repository\com\amazonaws\aws-java-sdk-api-gateway\1.11.379\aws-java-sdk-api-gateway-1.11.379.jar;C:\Users\Boommeister69\.m2\repository\com\amazonaws\aws-java-sdk-acm\1.11.379\aws-java-sdk-acm-1.11.379.jar;C:\Users\Boommeister69\.m2\repository\com\amazonaws\aws-java-sdk-gamelift\1.11.379\aws-java-sdk-gamelift-1.11.379.jar;C:\Users\Boommeister69\.m2\repository\com\amazonaws\aws-java-sdk-dms\1.11.379\aws-java-sdk-dms-1.11.379.jar;C:\Users\Boommeister69\.m2\repository\com\amazonaws\aws-java-sdk-marketplacemeteringservice\1.11.379\aws-java-sdk-marketplacemeteringservice-1.11.379.jar;C:\Users\Boommeister69\.m2\repository\com\amazonaws\aws-java-sdk-cognitoidp\1.11.379\aws-java-sdk-cognitoidp-1.11.379.jar;C:\Users\Boommeister69\.m2\repository\com\amazonaws\aws-java-sdk-discovery\1.11.379\aws-java-sdk-discovery-1.11.379.jar;C:\Users\Boommeister69\.m2\repository\com\amazonaws\aws-java-sdk-applicationautoscaling\1.11.379\aws-java-sdk-applicationautoscaling-1.11.379.jar;C:\Users\Boommeister69\.m2\repository\com\amazonaws\aws-java-sdk-snowball\1.11.379\aws-java-sdk-snowball-1.11.379.jar;C:\Users\Boommeister69\.m2\repository\com\amazonaws\aws-java-sdk-rekognition\1.11.379\aws-java-sdk-rekognition-1.11.379.jar;C:\Users\Boommeister69\.m2\repository\com\amazonaws\aws-java-sdk-polly\1.11.379\aws-java-sdk-polly-1.11.379.jar;C:\Users\Boommeister69\.m2\repository\com\amazonaws\aws-java-sdk-lightsail\1.11.379\aws-java-sdk-lightsail-1.11.379.jar;C:\Users\Boommeister69\.m2\repository\com\amazonaws\aws-java-sdk-stepfunctions\1.11.379\aws-java-sdk-stepfunctions-1.11.379.jar;C:\Users\Boommeister69\.m2\repository\com\amazonaws\aws-java-sdk-health\1.11.379\aws-java-sdk-health-1.11.379.jar;C:\Users\Boommeister69\.m2\repository\com\amazonaws\aws-java-sdk-costandusagereport\1.11.379\aws-java-sdk-costandusagereport-1.11.379.jar;C:\Users\Boommeister69\.m2\repository\com\amazonaws\aws-java-sdk-codebuild\1.11.379\aws-java-sdk-codebuild-1.11.379.jar;C:\Users\Boommeister69\.m2\repository\com\amazonaws\aws-java-sdk-appstream\1.11.379\aws-java-sdk-appstream-1.11.379.jar;C:\Users\Boommeister69\.m2\repository\com\amazonaws\aws-java-sdk-shield\1.11.379\aws-java-sdk-shield-1.11.379.jar;C:\Users\Boommeister69\.m2\repository\com\amazonaws\aws-java-sdk-batch\1.11.379\aws-java-sdk-batch-1.11.379.jar;C:\Users\Boommeister69\.m2\repository\com\amazonaws\aws-java-sdk-lex\1.11.379\aws-java-sdk-lex-1.11.379.jar;C:\Users\Boommeister69\.m2\repository\com\amazonaws\aws-java-sdk-mechanicalturkrequester\1.11.379\aws-java-sdk-mechanicalturkrequester-1.11.379.jar;C:\Users\Boommeister69\.m2\repository\com\amazonaws\aws-java-sdk-organizations\1.11.379\aws-java-sdk-organizations-1.11.379.jar;C:\Users\Boommeister69\.m2\repository\com\amazonaws\aws-java-sdk-workdocs\1.11.379\aws-java-sdk-workdocs-1.11.379.jar;C:\Users\Boommeister69\.m2\repository\com\amazonaws\aws-java-sdk-core\1.11.379\aws-java-sdk-core-1.11.379.jar;C:\Users\Boommeister69\.m2\repository\commons-logging\commons-logging\1.1.3\commons-logging-1.1.3.jar;C:\Users\Boommeister69\.m2\repository\org\apache\httpcomponents\httpclient\4.5.12\httpclient-4.5.12.jar;C:\Users\Boommeister69\.m2\repository\org\apache\httpcomponents\httpcore\4.4.13\httpcore-4.4.13.jar;C:\Users\Boommeister69\.m2\repository\commons-codec\commons-codec\1.13\commons-codec-1.13.jar;C:\Users\Boommeister69\.m2\repository\software\amazon\ion\ion-java\1.0.2\ion-java-1.0.2.jar;C:\Users\Boommeister69\.m2\repository\com\fasterxml\jackson\dataformat\jackson-dataformat-cbor\2.10.4\jackson-dataformat-cbor-2.10.4.jar;C:\Users\Boommeister69\.m2\repository\joda-time\joda-time\2.10.6\joda-time-2.10.6.jar;C:\Users\Boommeister69\.m2\repository\com\amazonaws\aws-java-sdk-models\1.11.379\aws-java-sdk-models-1.11.379.jar;C:\Users\Boommeister69\.m2\repository\com\amazonaws\aws-java-sdk-swf-libraries\1.11.22\aws-java-sdk-swf-libraries-1.11.22.jar;C:\Users\Boommeister69\.m2\repository\org\springframework\boot\spring-boot-starter-web\2.2.7.RELEASE\spring-boot-starter-web-2.2.7.RELEASE.jar;C:\Users\Boommeister69\.m2\repository\org\springframework\boot\spring-boot-starter\2.2.7.RELEASE\spring-boot-starter-2.2.7.RELEASE.jar;C:\Users\Boommeister69\.m2\repository\org\springframework\boot\spring-boot-starter-logging\2.2.7.RELEASE\spring-boot-starter-logging-2.2.7.RELEASE.jar;C:\Users\Boommeister69\.m2\repository\ch\qos\logback\logback-classic\1.2.3\logback-classic-1.2.3.jar;C:\Users\Boommeister69\.m2\repository\ch\qos\logback\logback-core\1.2.3\logback-core-1.2.3.jar;C:\Users\Boommeister69\.m2\repository\org\apache\logging\log4j\log4j-to-slf4j\2.12.1\log4j-to-slf4j-2.12.1.jar;C:\Users\Boommeister69\.m2\repository\org\apache\logging\log4j\log4j-api\2.12.1\log4j-api-2.12.1.jar;C:\Users\Boommeister69\.m2\repository\org\slf4j\jul-to-slf4j\1.7.30\jul-to-slf4j-1.7.30.jar;C:\Users\Boommeister69\.m2\repository\jakarta\annotation\jakarta.annotation-api\1.3.5\jakarta.annotation-api-1.3.5.jar;C:\Users\Boommeister69\.m2\repository\org\yaml\snakeyaml\1.25\snakeyaml-1.25.jar;C:\Users\Boommeister69\.m2\repository\org\springframework\boot\spring-boot-starter-json\2.2.7.RELEASE\spring-boot-starter-json-2.2.7.RELEASE.jar;C:\Users\Boommeister69\.m2\repository\com\fasterxml\jackson\datatype\jackson-datatype-jdk8\2.10.4\jackson-datatype-jdk8-2.10.4.jar;C:\Users\Boommeister69\.m2\repository\com\fasterxml\jackson\datatype\jackson-datatype-jsr310\2.10.4\jackson-datatype-jsr310-2.10.4.jar;C:\Users\Boommeister69\.m2\repository\com\fasterxml\jackson\module\jackson-module-parameter-names\2.10.4\jackson-module-parameter-names-2.10.4.jar;C:\Users\Boommeister69\.m2\repository\org\springframework\boot\spring-boot-starter-tomcat\2.2.7.RELEASE\spring-boot-starter-tomcat-2.2.7.RELEASE.jar;C:\Users\Boommeister69\.m2\repository\org\apache\tomcat\embed\tomcat-embed-core\9.0.34\tomcat-embed-core-9.0.34.jar;C:\Users\Boommeister69\.m2\repository\org\apache\tomcat\embed\tomcat-embed-el\9.0.34\tomcat-embed-el-9.0.34.jar;C:\Users\Boommeister69\.m2\repository\org\apache\tomcat\embed\tomcat-embed-websocket\9.0.34\tomcat-embed-websocket-9.0.34.jar;C:\Users\Boommeister69\.m2\repository\org\springframework\boot\spring-boot-starter-validation\2.2.7.RELEASE\spring-boot-starter-validation-2.2.7.RELEASE.jar;C:\Users\Boommeister69\.m2\repository\jakarta\validation\jakarta.validation-api\2.0.2\jakarta.validation-api-2.0.2.jar;C:\Users\Boommeister69\.m2\repository\org\hibernate\validator\hibernate-validator\6.0.19.Final\hibernate-validator-6.0.19.Final.jar;C:\Users\Boommeister69\.m2\repository\org\springframework\spring-web\5.2.6.RELEASE\spring-web-5.2.6.RELEASE.jar;C:\Users\Boommeister69\.m2\repository\org\springframework\spring-webmvc\5.2.6.RELEASE\spring-webmvc-5.2.6.RELEASE.jar;C:\Users\Boommeister69\.m2\repository\org\springframework\spring-expression\5.2.6.RELEASE\spring-expression-5.2.6.RELEASE.jar;C:\Users\Boommeister69\.m2\repository\org\mariadb\jdbc\mariadb-java-client\2.4.4\mariadb-java-client-2.4.4.jar;C:\Users\Boommeister69\.m2\repository\org\springframework\boot\spring-boot-devtools\2.2.7.RELEASE\spring-boot-devtools-2.2.7.RELEASE.jar;C:\Users\Boommeister69\.m2\repository\org\springframework\boot\spring-boot\2.2.7.RELEASE\spring-boot-2.2.7.RELEASE.jar;C:\Users\Boommeister69\.m2\repository\org\springframework\boot\spring-boot-autoconfigure\2.2.7.RELEASE\spring-boot-autoconfigure-2.2.7.RELEASE.jar;C:\Users\Boommeister69\.m2\repository\org\projectlombok\lombok\1.18.12\lombok-1.18.12.jar;C:\Users\Boommeister69\.m2\repository\org\springframework\boot\spring-boot-starter-test\2.2.7.RELEASE\spring-boot-starter-test-2.2.7.RELEASE.jar;C:\Users\Boommeister69\.m2\repository\org\springframework\boot\spring-boot-test\2.2.7.RELEASE\spring-boot-test-2.2.7.RELEASE.jar;C:\Users\Boommeister69\.m2\repository\org\springframework\boot\spring-boot-test-autoconfigure\2.2.7.RELEASE\spring-boot-test-autoconfigure-2.2.7.RELEASE.jar;C:\Users\Boommeister69\.m2\repository\com\jayway\jsonpath\json-path\2.4.0\json-path-2.4.0.jar;C:\Users\Boommeister69\.m2\repository\net\minidev\json-smart\2.3\json-smart-2.3.jar;C:\Users\Boommeister69\.m2\repository\net\minidev\accessors-smart\1.2\accessors-smart-1.2.jar;C:\Users\Boommeister69\.m2\repository\org\ow2\asm\asm\5.0.4\asm-5.0.4.jar;C:\Users\Boommeister69\.m2\repository\jakarta\xml\bind\jakarta.xml.bind-api\2.3.3\jakarta.xml.bind-api-2.3.3.jar;C:\Users\Boommeister69\.m2\repository\jakarta\activation\jakarta.activation-api\1.2.2\jakarta.activation-api-1.2.2.jar;C:\Users\Boommeister69\.m2\repository\org\junit\jupiter\junit-jupiter\5.5.2\junit-jupiter-5.5.2.jar;C:\Users\Boommeister69\.m2\repository\org\junit\jupiter\junit-jupiter-params\5.5.2\junit-jupiter-params-5.5.2.jar;C:\Users\Boommeister69\.m2\repository\org\junit\vintage\junit-vintage-engine\5.5.2\junit-vintage-engine-5.5.2.jar;C:\Users\Boommeister69\.m2\repository\org\mockito\mockito-junit-jupiter\3.1.0\mockito-junit-jupiter-3.1.0.jar;C:\Users\Boommeister69\.m2\repository\org\assertj\assertj-core\3.13.2\assertj-core-3.13.2.jar;C:\Users\Boommeister69\.m2\repository\org\hamcrest\hamcrest\2.1\hamcrest-2.1.jar;C:\Users\Boommeister69\.m2\repository\org\mockito\mockito-core\3.1.0\mockito-core-3.1.0.jar;C:\Users\Boommeister69\.m2\repository\net\bytebuddy\byte-buddy-agent\1.10.10\byte-buddy-agent-1.10.10.jar;C:\Users\Boommeister69\.m2\repository\org\objenesis\objenesis\2.6\objenesis-2.6.jar;C:\Users\Boommeister69\.m2\repository\org\skyscreamer\jsonassert\1.5.0\jsonassert-1.5.0.jar;C:\Users\Boommeister69\.m2\repository\com\vaadin\external\google\android-json\0.0.20131108.vaadin1\android-json-0.0.20131108.vaadin1.jar;C:\Users\Boommeister69\.m2\repository\org\springframework\spring-core\5.2.6.RELEASE\spring-core-5.2.6.RELEASE.jar;C:\Users\Boommeister69\.m2\repository\org\springframework\spring-jcl\5.2.6.RELEASE\spring-jcl-5.2.6.RELEASE.jar;C:\Users\Boommeister69\.m2\repository\org\springframework\spring-test\5.2.6.RELEASE\spring-test-5.2.6.RELEASE.jar;C:\Users\Boommeister69\.m2\repository\org\xmlunit\xmlunit-core\2.6.4\xmlunit-core-2.6.4.jar;C:\Users\Boommeister69\.m2\repository\org\junit\jupiter\junit-jupiter-api\5.3.2\junit-jupiter-api-5.3.2.jar;C:\Users\Boommeister69\.m2\repository\org\apiguardian\apiguardian-api\1.0.0\apiguardian-api-1.0.0.jar;C:\Users\Boommeister69\.m2\repository\org\opentest4j\opentest4j\1.1.1\opentest4j-1.1.1.jar;C:\Users\Boommeister69\.m2\repository\org\junit\platform\junit-platform-commons\1.5.2\junit-platform-commons-1.5.2.jar;C:\Users\Boommeister69\.m2\repository\org\junit\jupiter\junit-jupiter-engine\5.3.2\junit-jupiter-engine-5.3.2.jar;C:\Users\Boommeister69\.m2\repository\org\junit\platform\junit-platform-engine\1.5.2\junit-platform-engine-1.5.2.jar;C:\Users\Boommeister69\.m2\repository\org\modelmapper\modelmapper\2.3.7\modelmapper-2.3.7.jar;C:\Users\Boommeister69\.m2\repository\org\springframework\boot\spring-boot-starter-mail\2.2.7.RELEASE\spring-boot-starter-mail-2.2.7.RELEASE.jar;C:\Users\Boommeister69\.m2\repository\org\springframework\spring-context-support\5.2.6.RELEASE\spring-context-support-5.2.6.RELEASE.jar;C:\Users\Boommeister69\.m2\repository\com\sun\mail\jakarta.mail\1.6.5\jakarta.mail-1.6.5.jar;C:\Users\Boommeister69\.m2\repository\com\sun\activation\jakarta.activation\1.2.2\jakarta.activation-1.2.2.jar;C:\Users\Boommeister69\.m2\repository\com\github\ulisesbocchio\jasypt-spring-boot\3.0.2\jasypt-spring-boot-3.0.2.jar;C:\Users\Boommeister69\.m2\repository\org\jasypt\jasypt\1.9.3\jasypt-1.9.3.jar;C:\Users\Boommeister69\.m2\repository\io\springfox\springfox-swagger2\2.9.2\springfox-swagger2-2.9.2.jar;C:\Users\Boommeister69\.m2\repository\io\springfox\springfox-spi\2.9.2\springfox-spi-2.9.2.jar;C:\Users\Boommeister69\.m2\repository\io\springfox\springfox-core\2.9.2\springfox-core-2.9.2.jar;C:\Users\Boommeister69\.m2\repository\io\springfox\springfox-schema\2.9.2\springfox-schema-2.9.2.jar;C:\Users\Boommeister69\.m2\repository\io\springfox\springfox-swagger-common\2.9.2\springfox-swagger-common-2.9.2.jar;C:\Users\Boommeister69\.m2\repository\io\springfox\springfox-spring-web\2.9.2\springfox-spring-web-2.9.2.jar;C:\Users\Boommeister69\.m2\repository\com\google\guava\guava\20.0\guava-20.0.jar;C:\Users\Boommeister69\.m2\repository\com\fasterxml\classmate\1.5.1\classmate-1.5.1.jar;C:\Users\Boommeister69\.m2\repository\org\slf4j\slf4j-api\1.7.30\slf4j-api-1.7.30.jar;C:\Users\Boommeister69\.m2\repository\org\springframework\plugin\spring-plugin-core\1.2.0.RELEASE\spring-plugin-core-1.2.0.RELEASE.jar;C:\Users\Boommeister69\.m2\repository\org\springframework\plugin\spring-plugin-metadata\1.2.0.RELEASE\spring-plugin-metadata-1.2.0.RELEASE.jar;C:\Users\Boommeister69\.m2\repository\org\mapstruct\mapstruct\1.2.0.Final\mapstruct-1.2.0.Final.jar;C:\Users\Boommeister69\.m2\repository\io\springfox\springfox-swagger-ui\2.9.2\springfox-swagger-ui-2.9.2.jar;C:\Users\Boommeister69\.m2\repository\io\swagger\swagger-annotations\1.5.21\swagger-annotations-1.5.21.jar;C:\Users\Boommeister69\.m2\repository\io\swagger\swagger-models\1.5.21\swagger-models-1.5.21.jar;C:\Users\Boommeister69\.m2\repository\com\fasterxml\jackson\core\jackson-annotations\2.10.4\jackson-annotations-2.10.4.jar;C:\Users\Boommeister69\.m2\repository\com\zaxxer\HikariCP\3.4.5\HikariCP-3.4.5.jar;C:\Users\Boommeister69\.m2\repository\commons-io\commons-io\2.6\commons-io-2.6.jar;C:\Users\Boommeister69\.m2\repository\org\springframework\boot\spring-boot-starter-security\2.2.7.RELEASE\spring-boot-starter-security-2.2.7.RELEASE.jar;C:\Users\Boommeister69\.m2\repository\org\springframework\spring-aop\5.2.6.RELEASE\spring-aop-5.2.6.RELEASE.jar;C:\Users\Boommeister69\.m2\repository\org\springframework\security\spring-security-config\5.2.4.RELEASE\spring-security-config-5.2.4.RELEASE.jar;C:\Users\Boommeister69\.m2\repository\org\springframework\security\spring-security-web\5.2.4.RELEASE\spring-security-web-5.2.4.RELEASE.jar;C:\Users\Boommeister69\.m2\repository\io\jsonwebtoken\jjwt\0.9.1\jjwt-0.9.1.jar;C:\Users\Boommeister69\.m2\repository\com\fasterxml\jackson\core\jackson-databind\2.10.4\jackson-databind-2.10.4.jar;C:\Users\Boommeister69\.m2\repository\com\fasterxml\jackson\core\jackson-core\2.10.4\jackson-core-2.10.4.jar;C:\Users\Boommeister69\.m2\repository\org\springframework\security\spring-security-test\5.2.4.RELEASE\spring-security-test-5.2.4.RELEASE.jar;C:\Users\Boommeister69\.m2\repository\org\springframework\security\spring-security-core\5.2.4.RELEASE\spring-security-core-5.2.4.RELEASE.jar;C:\Users\Boommeister69\.m2\repository\com\googlecode\json-simple\json-simple\1.1.1\json-simple-1.1.1.jar;C:\Users\Boommeister69\.m2\repository\junit\junit\4.12\junit-4.12.jar;C:\Users\Boommeister69\.m2\repository\org\hamcrest\hamcrest-core\2.1\hamcrest-core-2.1.jar;"/>
    <property name="sun.cpu.endian" value="little"/>
    <property name="user.home" value="C:\Users\Boommeister69"/>
    <property name="user.language" value="de"/>
    <property name="java.specification.vendor" value="Oracle Corporation"/>
    <property name="java.version.date" value="2019-07-16"/>
    <property name="java.home" value="C:\Program Files\JetBrains\IntelliJ IDEA Community Edition 2019.2.2\jbr"/>
    <property name="file.separator" value="\"/>
    <property name="basedir" value="C:\Users\Boommeister69\workspace\StudileihGergelyUsh\studileih-backend-latest\studileih-SpringBoot"/>
    <property name="java.vm.compressedOopsMode" value="Zero based"/>
    <property name="line.separator" value="&#10;"/>
    <property name="idea.version2019.2.4" value="true"/>
    <property name="java.specification.name" value="Java Platform API Specification"/>
    <property name="java.vm.specification.vendor" value="Oracle Corporation"/>
    <property name="java.awt.graphicsenv" value="sun.awt.Win32GraphicsEnvironment"/>
    <property name="surefire.real.class.path" value="C:\Users\BOOMME~1\AppData\Local\Temp\surefire16586543365799183322\surefirebooter6693591439190681480.jar"/>
    <property name="user.script" value=""/>
    <property name="sun.management.compiler" value="HotSpot 64-Bit Tiered Compilers"/>
    <property name="java.runtime.version" value="11.0.4+10-b304.77"/>
    <property name="user.name" value="Boommeister69"/>
    <property name="path.separator" value=";"/>
    <property name="os.version" value="10.0"/>
    <property name="java.runtime.name" value="OpenJDK Runtime Environment"/>
    <property name="file.encoding" value="Cp1252"/>
    <property name="java.vm.name" value="OpenJDK 64-Bit Server VM"/>
    <property name="localRepository" value="C:\Users\Boommeister69\.m2\repository"/>
    <property name="java.vendor.url.bug" value="https://youtrack.jetbrains.com"/>
    <property name="java.io.tmpdir" value="C:\Users\BOOMME~1\AppData\Local\Temp\"/>
    <property name="java.version" value="11.0.4"/>
    <property name="user.dir" value="C:\Users\Boommeister69\workspace\StudileihGergelyUsh\studileih-backend-latest\studileih-SpringBoot"/>
    <property name="os.arch" value="amd64"/>
    <property name="java.vm.specification.name" value="Java Virtual Machine Specification"/>
    <property name="java.awt.printerjob" value="sun.awt.windows.WPrinterJob"/>
    <property name="sun.os.patch.level" value=""/>
    <property name="java.library.path" value="C:\Program Files\JetBrains\IntelliJ IDEA Community Edition 2019.2.2\jbr\bin;C:\WINDOWS\Sun\Java\bin;C:\WINDOWS\system32;C:\WINDOWS;C:\Program Files (x86)\Common Files\Oracle\Java\javapath;C:\Program Files\AdoptOpenJDK\jdk-11.0.7.10-hotspot\bin;C:\Python38\Scripts\;C:\Python38\;C:\Program Files (x86)\Intel\iCLS Client\;C:\Program Files\Intel\iCLS Client\;C:\windows\system32;C:\windows;C:\windows\System32\Wbem;C:\windows\System32\WindowsPowerShell\v1.0\;C:\Program Files (x86)\NVIDIA Corporation\PhysX\Common;C:\Program Files (x86)\Intel\Intel(R) Management Engine Components\DAL;C:\Program Files\Intel\Intel(R) Management Engine Components\DAL;C:\Program Files (x86)\Intel\Intel(R) Management Engine Components\IPT;C:\Program Files\Intel\Intel(R) Management Engine Components\IPT;C:\WINDOWS\system32;C:\WINDOWS;C:\WINDOWS\System32\Wbem;C:\WINDOWS\System32\WindowsPowerShell\v1.0\;C:\WINDOWS\System32\OpenSSH\;C:\Program Files\Intel\WiFi\bin\;C:\Program Files\Common Files\Intel\WirelessCommon\;C:\Program Files\nodejs\;C:\ProgramData\chocolatey\bin;C:\Program Files\Amazon\AWSCLIV2\;C:\Program Files (x86)\QuickTime\QTSystem\;C:\Program Files\Git\cmd;C:\Program Files\MariaDB 10.5\bin;C:\Program Files\Java\jdk1.8.0_261\bin;C:\Program Files\PuTTY\;C:\Program Files\CMake\bin;C:\Program Files\Amazon\AWSSAMCLI\bin\;C:\Program Files (x86)\Gpg4win\..\GnuPG\bin;C:\Program Files\Java\jdk1.8.0_261\bin;C:\Users\Boommeister69\AppData\Local\Microsoft\WindowsApps;C:\Users\Boommeister69\AppData\Roaming\npm;C:\Users\Boommeister69\AppData\Local\Temp\apache-maven-3.6.3-bin\apache-maven-3.6.3\bin;C:\Program Files\heroku\bin;C:\workspace\play-samples-play-java-hello-world-tutorial;C:\Program Files\Maven\apache-maven-3.6.3\bin;C:\Users\Boommeister69\AppData\Local\Programs\Microsoft VS Code\bin;C:\Program Files\Docker Toolbox;;."/>
    <property name="java.vendor" value="JetBrains s.r.o"/>
    <property name="java.vm.info" value="mixed mode"/>
    <property name="java.vm.version" value="11.0.4+10-b304.77"/>
    <property name="sun.io.unicode.encoding" value="UnicodeLittle"/>
    <property name="java.class.version" value="55.0"/>
  </properties>
  <testcase name="whenSenderAndReceiverGetDeleted_thenAlsoDeleteTheMessages" classname="com.example.studileih.StudileihApplicationTests" time="0.029"/>
  <testcase name="whenDescriptionContainsForbiddenChars_thenReturn400" classname="com.example.studileih.StudileihApplicationTests" time="0.017">
    <error type="java.lang.NullPointerException">java.lang.NullPointerException
	at com.example.studileih.StudileihApplicationTests.whenDescriptionContainsForbiddenChars_thenReturn400(StudileihApplicationTests.java:170)
</error>
  </testcase>
  <testcase name="whenCategoryContainsForbiddenChars_thenReturn400" classname="com.example.studileih.StudileihApplicationTests" time="0.004">
    <error type="java.lang.NullPointerException">java.lang.NullPointerException
	at com.example.studileih.StudileihApplicationTests.whenCategoryContainsForbiddenChars_thenReturn400(StudileihApplicationTests.java:221)
</error>
  </testcase>
  <testcase name="whenStartDateIsNullButEndDateIsProvided_thenReturn400" classname="com.example.studileih.StudileihApplicationTests" time="0.005">
    <error type="java.lang.NullPointerException">java.lang.NullPointerException
	at com.example.studileih.StudileihApplicationTests.whenStartDateIsNullButEndDateIsProvided_thenReturn400(StudileihApplicationTests.java:343)
</error>
  </testcase>
  <testcase name="whenPriceIsNegative_thenReturn400" classname="com.example.studileih.StudileihApplicationTests" time="0.005">
    <error message="begin 0, end -1, length 10" type="java.lang.StringIndexOutOfBoundsException">java.lang.StringIndexOutOfBoundsException: begin 0, end -1, length 10
	at com.example.studileih.StudileihApplicationTests.whenPriceIsNegative_thenReturn400(StudileihApplicationTests.java:255)
</error>
  </testcase>
  <testcase name="whenPriceIsTooHigh_thenReturn200" classname="com.example.studileih.StudileihApplicationTests" time="0.006">
    <error message="begin 0, end -1, length 10" type="java.lang.StringIndexOutOfBoundsException">java.lang.StringIndexOutOfBoundsException: begin 0, end -1, length 10
	at com.example.studileih.StudileihApplicationTests.whenPriceIsTooHigh_thenReturn200(StudileihApplicationTests.java:272)
</error>
  </testcase>
  <testcase name="whenStartDateIsBeforeCurrentDate_thenReturn400" classname="com.example.studileih.StudileihApplicationTests" time="0.005">
    <error message="begin 0, end -1, length 9" type="java.lang.StringIndexOutOfBoundsException">java.lang.StringIndexOutOfBoundsException: begin 0, end -1, length 9
	at com.example.studileih.StudileihApplicationTests.whenStartDateIsBeforeCurrentDate_thenReturn400(StudileihApplicationTests.java:289)
</error>
  </testcase>
  <testcase name="whenTitleIsEmpty_thenReturn400" classname="com.example.studileih.StudileihApplicationTests" time="0.004">
    <error type="java.lang.NullPointerException">java.lang.NullPointerException
	at com.example.studileih.StudileihApplicationTests.whenTitleIsEmpty_thenReturn400(StudileihApplicationTests.java:153)
</error>
  </testcase>
  <testcase name="whenUsingS3_thenFileLocationEqualsStringInApplicationProperties" classname="com.example.studileih.StudileihApplicationTests" time="0.005"/>
  <testcase name="whenStartDateIsNull_PickUpTimeMustAlsoBeNull_thenReturn400" classname="com.example.studileih.StudileihApplicationTests" time="0.005">
    <error type="java.lang.NullPointerException">java.lang.NullPointerException
	at com.example.studileih.StudileihApplicationTests.whenStartDateIsNull_PickUpTimeMustAlsoBeNull_thenReturn400(StudileihApplicationTests.java:307)
</error>
  </testcase>
  <testcase name="whenCategoryContainsNoForbiddenChars_thenReturn200" classname="com.example.studileih.StudileihApplicationTests" time="0.004">
    <error type="java.lang.NullPointerException">java.lang.NullPointerException
	at com.example.studileih.StudileihApplicationTests.whenCategoryContainsNoForbiddenChars_thenReturn200(StudileihApplicationTests.java:238)
</error>
  </testcase>
  <testcase name="whenTitleContainsForbiddenChars2_thenReturn400" classname="com.example.studileih.StudileihApplicationTests" time="0.006">
    <error type="java.lang.NullPointerException">java.lang.NullPointerException
	at com.example.studileih.StudileihApplicationTests.whenTitleContainsForbiddenChars2_thenReturn400(StudileihApplicationTests.java:204)
</error>
  </testcase>
  <testcase name="whenInputIsValid_thenReturn200" classname="com.example.studileih.StudileihApplicationTests" time="0.004">
    <error message="begin 0, end -1, length 10" type="java.lang.StringIndexOutOfBoundsException">java.lang.StringIndexOutOfBoundsException: begin 0, end -1, length 10
	at com.example.studileih.StudileihApplicationTests.whenInputIsValid_thenReturn200(StudileihApplicationTests.java:119)
</error>
  </testcase>
  <testcase name="whenStartDateIsEqualToEndDateAndPickUpTimeIsAfterReturnTime_thenReturn400" classname="com.example.studileih.StudileihApplicationTests" time="0.004">
    <error message="begin 0, end -1, length 10" type="java.lang.StringIndexOutOfBoundsException">java.lang.StringIndexOutOfBoundsException: begin 0, end -1, length 10
	at com.example.studileih.StudileihApplicationTests.whenStartDateIsEqualToEndDateAndPickUpTimeIsAfterReturnTime_thenReturn400(StudileihApplicationTests.java:361)
</error>
  </testcase>
  <testcase name="whenDescriptionIsEmpty_thenReturn400" classname="com.example.studileih.StudileihApplicationTests" time="0.004">
    <error type="java.lang.NullPointerException">java.lang.NullPointerException
	at com.example.studileih.StudileihApplicationTests.whenDescriptionIsEmpty_thenReturn400(StudileihApplicationTests.java:136)
</error>
  </testcase>
  <testcase name="contextLoads" classname="com.example.studileih.StudileihApplicationTests" time="0.003"/>
  <testcase name="whenStartDateIsBeforeEndDate_thenReturn400" classname="com.example.studileih.StudileihApplicationTests" time="0.003">
    <error message="begin 0, end -1, length 10" type="java.lang.StringIndexOutOfBoundsException">java.lang.StringIndexOutOfBoundsException: begin 0, end -1, length 10
	at com.example.studileih.StudileihApplicationTests.whenStartDateIsBeforeEndDate_thenReturn400(StudileihApplicationTests.java:325)
</error>
  </testcase>
  <testcase name="whenTitleContainsForbiddenChars_thenReturn400" classname="com.example.studileih.StudileihApplicationTests" time="0.003">
    <error type="java.lang.NullPointerException">java.lang.NullPointerException
	at com.example.studileih.StudileihApplicationTests.whenTitleContainsForbiddenChars_thenReturn400(StudileihApplicationTests.java:187)
</error>
  </testcase>
  <testcase name="simplyTestThatJasyptEncryptionWorks" classname="com.example.studileih.StudileihApplicationTests" time="0.491"/>
</testsuite>